#
# There is insufficient memory for the Java Runtime Environment to continue.
# Native memory allocation (mmap) failed to map 2097152000 bytes for committing reserved memory.
# Possible reasons:
#   The system is out of physical RAM or swap space
#   The process is running with CompressedOops enabled, and the Java Heap may be blocking the growth of the native heap
# Possible solutions:
#   Reduce memory load on the system
#   Increase physical memory or swap space
#   Check if swap backing store is full
#   Decrease Java heap size (-Xmx/-Xms)
#   Decrease number of Java threads
#   Decrease Java thread stack sizes (-Xss)
#   Set larger code cache with -XX:ReservedCodeCacheSize=
# This output file may be truncated or incomplete.
#
#  Out of Memory Error (os_linux.cpp:3003), pid=24411, tid=24418
#
# JRE version:  (11.0.13+8) (build )
# Java VM: OpenJDK 64-Bit Server VM (11.0.13+8-Ubuntu-0ubuntu1.18.04, mixed mode, sharing, tiered, compressed oops, g1 gc, linux-amd64)
# Core dump will be written. Default location: Core dumps may be processed with "/usr/share/apport/apport %p %s %c %d %P %E" (or dumping to /home/stefanopenazzi/git/jtap/core.24411)
#

---------------  S U M M A R Y ------------

Command Line: -ea -Xms2000m -Xmx2000m -Dfile.encoding=UTF-8 org.eclipse.jdt.internal.junit.runner.RemoteTestRunner -version 3 -port 32827 -testLoaderClass org.eclipse.jdt.internal.junit5.runner.JUnit5TestLoader -loaderpluginname org.eclipse.jdt.junit5.runtime -test core.graph.facility.osm.UtilityTest:neo4jOSMFacilityTest

Host: Intel(R) Core(TM) i7-8650U CPU @ 1.90GHz, 8 cores, 15G, Ubuntu 18.04.5 LTS
Time: Tue Feb  1 06:06:49 2022 PST elapsed time: 0.015941 seconds (0d 0h 0m 0s)

---------------  T H R E A D  ---------------

Current thread (0x00007f5c6001c800):  JavaThread "Unknown thread" [_thread_in_vm, id=24418, stack(0x00007f5c695cb000,0x00007f5c696cc000)]

Stack: [0x00007f5c695cb000,0x00007f5c696cc000],  sp=0x00007f5c696ca210,  free space=1020k
Native frames: (J=compiled Java code, A=aot compiled Java code, j=interpreted, Vv=VM code, C=native code)
V  [libjvm.so+0xe2395a]
V  [libjvm.so+0xe2463b]
V  [libjvm.so+0x652a25]
V  [libjvm.so+0xb7f9d8]
V  [libjvm.so+0xb75f2d]
V  [libjvm.so+0x76ca2f]
V  [libjvm.so+0x76cdde]
V  [libjvm.so+0x776436]
V  [libjvm.so+0x7ee164]
V  [libjvm.so+0x7eed70]
V  [libjvm.so+0x7ef187]
V  [libjvm.so+0x72a5e0]
V  [libjvm.so+0x72ace1]
V  [libjvm.so+0xde7442]
V  [libjvm.so+0xde7706]
V  [libjvm.so+0x80ded7]
V  [libjvm.so+0xdc120a]
V  [libjvm.so+0x8b3ef1]  JNI_CreateJavaVM+0x51
C  [libjli.so+0x3a88]
C  [libjli.so+0x87e9]


---------------  P R O C E S S  ---------------

Threads class SMR info:
_java_thread_list=0x00005571d7d6b7e0, length=0, elements={
}

Java Threads: ( => current thread )

Other Threads:
  0x00007f5c60035800 GCTaskThread "GC Thread#0" [stack: 0x00007f5c65598000,0x00007f5c65698000] [id=24419]
  0x00007f5c60067800 ConcurrentGCThread "G1 Main Marker" [stack: 0x00007f5c640d6000,0x00007f5c641d6000] [id=24420]
  0x00007f5c60069800 ConcurrentGCThread "G1 Conc#0" [stack: 0x00007f5c48753000,0x00007f5c48853000] [id=24421]

[error occurred during error reporting (printing all threads), id 0xb, SIGSEGV (0xb) at pc=0x00007f5c67b82eb0]

VM state:not at safepoint (not fully initialized)

VM Mutex/Monitor currently owned by a thread:  ([mutex/lock_event])
[0x00007f5c60019270] Heap_lock - owner thread: 0x00007f5c6001c800

Heap address: 0x0000000083000000, size: 2000 MB, Compressed Oops mode: Non-zero based: 0x0000000083000000
Narrow klass base: 0x0000000000000000, Narrow klass shift: 0

GC Heap History (0 events):
No events

Deoptimization events (0 events):
No events

Classes redefined (0 events):
No events

Internal exceptions (0 events):
No events

Events (2 events):
Event: 0.005 Protecting memory [0x00007f5c695cb000,0x00007f5c695cf000] with protection modes 0
Event: 0.007 Loaded shared library /usr/lib/jvm/java-11-openjdk-amd64/lib/libzip.so


Dynamic libraries:
5571d7096000-5571d7097000 r-xp 00000000 08:01 3021179                    /usr/lib/jvm/java-11-openjdk-amd64/bin/java
5571d7297000-5571d7298000 r--p 00001000 08:01 3021179                    /usr/lib/jvm/java-11-openjdk-amd64/bin/java
5571d7298000-5571d7299000 rw-p 00002000 08:01 3021179                    /usr/lib/jvm/java-11-openjdk-amd64/bin/java
5571d7d4e000-5571d7d92000 rw-p 00000000 00:00 0                          [heap]
7f5c34000000-7f5c34021000 rw-p 00000000 00:00 0 
7f5c34021000-7f5c38000000 ---p 00000000 00:00 0 
7f5c3a000000-7f5c3c000000 rw-p 00000000 00:00 0 
7f5c3c000000-7f5c3c021000 rw-p 00000000 00:00 0 
7f5c3c021000-7f5c40000000 ---p 00000000 00:00 0 
7f5c4007f000-7f5c40180000 rw-p 00000000 00:00 0 
7f5c40180000-7f5c44000000 ---p 00000000 00:00 0 
7f5c44000000-7f5c44021000 rw-p 00000000 00:00 0 
7f5c44021000-7f5c48000000 ---p 00000000 00:00 0 
7f5c4804a000-7f5c48751000 rw-p 00000000 00:00 0 
7f5c48751000-7f5c48752000 ---p 00000000 00:00 0 
7f5c48752000-7f5c48853000 rw-p 00000000 00:00 0 
7f5c48853000-7f5c48ac3000 rwxp 00000000 00:00 0 
7f5c48ac3000-7f5c48de4000 ---p 00000000 00:00 0 
7f5c48de4000-7f5c49054000 rwxp 00000000 00:00 0 
7f5c49054000-7f5c5031b000 ---p 00000000 00:00 0 
7f5c5031b000-7f5c5058b000 rwxp 00000000 00:00 0 
7f5c5058b000-7f5c57853000 ---p 00000000 00:00 0 
7f5c57853000-7f5c60000000 r--s 00000000 08:01 3021244                    /usr/lib/jvm/java-11-openjdk-amd64/lib/modules
7f5c60000000-7f5c60095000 rw-p 00000000 00:00 0 
7f5c60095000-7f5c64000000 ---p 00000000 00:00 0 
7f5c640d4000-7f5c640d5000 ---p 00000000 00:00 0 
7f5c640d5000-7f5c641d6000 rw-p 00000000 00:00 0 
7f5c641d6000-7f5c64d8e000 ---p 00000000 00:00 0 
7f5c64d8e000-7f5c65596000 rw-p 00000000 00:00 0 
7f5c65596000-7f5c65597000 ---p 00000000 00:00 0 
7f5c65597000-7f5c6569d000 rw-p 00000000 00:00 0 
7f5c6569d000-7f5c65783000 ---p 00000000 00:00 0 
7f5c65783000-7f5c65788000 rw-p 00000000 00:00 0 
7f5c65788000-7f5c6586e000 ---p 00000000 00:00 0 
7f5c6586e000-7f5c65875000 r-xp 00000000 08:01 3021243                    /usr/lib/jvm/java-11-openjdk-amd64/lib/libzip.so
7f5c65875000-7f5c65a74000 ---p 00007000 08:01 3021243                    /usr/lib/jvm/java-11-openjdk-amd64/lib/libzip.so
7f5c65a74000-7f5c65a75000 r--p 00006000 08:01 3021243                    /usr/lib/jvm/java-11-openjdk-amd64/lib/libzip.so
7f5c65a75000-7f5c65a76000 rw-p 00007000 08:01 3021243                    /usr/lib/jvm/java-11-openjdk-amd64/lib/libzip.so
7f5c65a76000-7f5c65a81000 r-xp 00000000 08:01 1313024                    /lib/x86_64-linux-gnu/libnss_files-2.27.so
7f5c65a81000-7f5c65c80000 ---p 0000b000 08:01 1313024                    /lib/x86_64-linux-gnu/libnss_files-2.27.so
7f5c65c80000-7f5c65c81000 r--p 0000a000 08:01 1313024                    /lib/x86_64-linux-gnu/libnss_files-2.27.so
7f5c65c81000-7f5c65c82000 rw-p 0000b000 08:01 1313024                    /lib/x86_64-linux-gnu/libnss_files-2.27.so
7f5c65c82000-7f5c65c88000 rw-p 00000000 00:00 0 
7f5c65c88000-7f5c65c9f000 r-xp 00000000 08:01 1312840                    /lib/x86_64-linux-gnu/libnsl-2.27.so
7f5c65c9f000-7f5c65e9e000 ---p 00017000 08:01 1312840                    /lib/x86_64-linux-gnu/libnsl-2.27.so
7f5c65e9e000-7f5c65e9f000 r--p 00016000 08:01 1312840                    /lib/x86_64-linux-gnu/libnsl-2.27.so
7f5c65e9f000-7f5c65ea0000 rw-p 00017000 08:01 1312840                    /lib/x86_64-linux-gnu/libnsl-2.27.so
7f5c65ea0000-7f5c65ea2000 rw-p 00000000 00:00 0 
7f5c65ea2000-7f5c65ead000 r-xp 00000000 08:01 1313122                    /lib/x86_64-linux-gnu/libnss_nis-2.27.so
7f5c65ead000-7f5c660ac000 ---p 0000b000 08:01 1313122                    /lib/x86_64-linux-gnu/libnss_nis-2.27.so
7f5c660ac000-7f5c660ad000 r--p 0000a000 08:01 1313122                    /lib/x86_64-linux-gnu/libnss_nis-2.27.so
7f5c660ad000-7f5c660ae000 rw-p 0000b000 08:01 1313122                    /lib/x86_64-linux-gnu/libnss_nis-2.27.so
7f5c660ae000-7f5c660b6000 r-xp 00000000 08:01 1312996                    /lib/x86_64-linux-gnu/libnss_compat-2.27.so
7f5c660b6000-7f5c662b6000 ---p 00008000 08:01 1312996                    /lib/x86_64-linux-gnu/libnss_compat-2.27.so
7f5c662b6000-7f5c662b7000 r--p 00008000 08:01 1312996                    /lib/x86_64-linux-gnu/libnss_compat-2.27.so
7f5c662b7000-7f5c662b8000 rw-p 00009000 08:01 1312996                    /lib/x86_64-linux-gnu/libnss_compat-2.27.so
7f5c662b8000-7f5c662bd000 r-xp 00000000 08:01 3021220                    /usr/lib/jvm/java-11-openjdk-amd64/lib/libjimage.so
7f5c662bd000-7f5c664bc000 ---p 00005000 08:01 3021220                    /usr/lib/jvm/java-11-openjdk-amd64/lib/libjimage.so
7f5c664bc000-7f5c664bd000 r--p 00004000 08:01 3021220                    /usr/lib/jvm/java-11-openjdk-amd64/lib/libjimage.so
7f5c664bd000-7f5c664be000 rw-p 00005000 08:01 3021220                    /usr/lib/jvm/java-11-openjdk-amd64/lib/libjimage.so
7f5c664be000-7f5c664e6000 r-xp 00000000 08:01 3021217                    /usr/lib/jvm/java-11-openjdk-amd64/lib/libjava.so
7f5c664e6000-7f5c666e6000 ---p 00028000 08:01 3021217                    /usr/lib/jvm/java-11-openjdk-amd64/lib/libjava.so
7f5c666e6000-7f5c666e7000 r--p 00028000 08:01 3021217                    /usr/lib/jvm/java-11-openjdk-amd64/lib/libjava.so
7f5c666e7000-7f5c666e8000 rw-p 00029000 08:01 3021217                    /usr/lib/jvm/java-11-openjdk-amd64/lib/libjava.so
7f5c666e8000-7f5c666e9000 rw-p 00000000 00:00 0 
7f5c666e9000-7f5c666f6000 r-xp 00000000 08:01 3021241                    /usr/lib/jvm/java-11-openjdk-amd64/lib/libverify.so
7f5c666f6000-7f5c668f5000 ---p 0000d000 08:01 3021241                    /usr/lib/jvm/java-11-openjdk-amd64/lib/libverify.so
7f5c668f5000-7f5c668f7000 r--p 0000c000 08:01 3021241                    /usr/lib/jvm/java-11-openjdk-amd64/lib/libverify.so
7f5c668f7000-7f5c668f8000 rw-p 0000e000 08:01 3021241                    /usr/lib/jvm/java-11-openjdk-amd64/lib/libverify.so
7f5c668f8000-7f5c668ff000 r-xp 00000000 08:01 1315245                    /lib/x86_64-linux-gnu/librt-2.27.so
7f5c668ff000-7f5c66afe000 ---p 00007000 08:01 1315245                    /lib/x86_64-linux-gnu/librt-2.27.so
7f5c66afe000-7f5c66aff000 r--p 00006000 08:01 1315245                    /lib/x86_64-linux-gnu/librt-2.27.so
7f5c66aff000-7f5c66b00000 rw-p 00007000 08:01 1315245                    /lib/x86_64-linux-gnu/librt-2.27.so
7f5c66b00000-7f5c66b17000 r-xp 00000000 08:01 1315934                    /lib/x86_64-linux-gnu/libgcc_s.so.1
7f5c66b17000-7f5c66d16000 ---p 00017000 08:01 1315934                    /lib/x86_64-linux-gnu/libgcc_s.so.1
7f5c66d16000-7f5c66d17000 r--p 00016000 08:01 1315934                    /lib/x86_64-linux-gnu/libgcc_s.so.1
7f5c66d17000-7f5c66d18000 rw-p 00017000 08:01 1315934                    /lib/x86_64-linux-gnu/libgcc_s.so.1
7f5c66d18000-7f5c66eb5000 r-xp 00000000 08:01 1311664                    /lib/x86_64-linux-gnu/libm-2.27.so
7f5c66eb5000-7f5c670b4000 ---p 0019d000 08:01 1311664                    /lib/x86_64-linux-gnu/libm-2.27.so
7f5c670b4000-7f5c670b5000 r--p 0019c000 08:01 1311664                    /lib/x86_64-linux-gnu/libm-2.27.so
7f5c670b5000-7f5c670b6000 rw-p 0019d000 08:01 1311664                    /lib/x86_64-linux-gnu/libm-2.27.so
7f5c670b6000-7f5c6722f000 r-xp 00000000 08:01 3015239                    /usr/lib/x86_64-linux-gnu/libstdc++.so.6.0.25
7f5c6722f000-7f5c6742f000 ---p 00179000 08:01 3015239                    /usr/lib/x86_64-linux-gnu/libstdc++.so.6.0.25
7f5c6742f000-7f5c67439000 r--p 00179000 08:01 3015239                    /usr/lib/x86_64-linux-gnu/libstdc++.so.6.0.25
7f5c67439000-7f5c6743b000 rw-p 00183000 08:01 3015239                    /usr/lib/x86_64-linux-gnu/libstdc++.so.6.0.25
7f5c6743b000-7f5c6743f000 rw-p 00000000 00:00 0 
7f5c6743f000-7f5c68531000 r-xp 00000000 08:01 3160874                    /usr/lib/jvm/java-11-openjdk-amd64/lib/server/libjvm.so
7f5c68531000-7f5c68730000 ---p 010f2000 08:01 3160874                    /usr/lib/jvm/java-11-openjdk-amd64/lib/server/libjvm.so
7f5c68730000-7f5c687f4000 r--p 010f1000 08:01 3160874                    /usr/lib/jvm/java-11-openjdk-amd64/lib/server/libjvm.so
7f5c687f4000-7f5c6882f000 rw-p 011b5000 08:01 3160874                    /usr/lib/jvm/java-11-openjdk-amd64/lib/server/libjvm.so
7f5c6882f000-7f5c68886000 rw-p 00000000 00:00 0 
7f5c68886000-7f5c688a0000 r-xp 00000000 08:01 1313166                    /lib/x86_64-linux-gnu/libpthread-2.27.so
7f5c688a0000-7f5c68a9f000 ---p 0001a000 08:01 1313166                    /lib/x86_64-linux-gnu/libpthread-2.27.so
7f5c68a9f000-7f5c68aa0000 r--p 00019000 08:01 1313166                    /lib/x86_64-linux-gnu/libpthread-2.27.so
7f5c68aa0000-7f5c68aa1000 rw-p 0001a000 08:01 1313166                    /lib/x86_64-linux-gnu/libpthread-2.27.so
7f5c68aa1000-7f5c68aa5000 rw-p 00000000 00:00 0 
7f5c68aa5000-7f5c68aa8000 r-xp 00000000 08:01 1311662                    /lib/x86_64-linux-gnu/libdl-2.27.so
7f5c68aa8000-7f5c68ca7000 ---p 00003000 08:01 1311662                    /lib/x86_64-linux-gnu/libdl-2.27.so
7f5c68ca7000-7f5c68ca8000 r--p 00002000 08:01 1311662                    /lib/x86_64-linux-gnu/libdl-2.27.so
7f5c68ca8000-7f5c68ca9000 rw-p 00003000 08:01 1311662                    /lib/x86_64-linux-gnu/libdl-2.27.so
7f5c68ca9000-7f5c68cc5000 r-xp 00000000 08:01 1316463                    /lib/x86_64-linux-gnu/libz.so.1.2.11
7f5c68cc5000-7f5c68ec4000 ---p 0001c000 08:01 1316463                    /lib/x86_64-linux-gnu/libz.so.1.2.11
7f5c68ec4000-7f5c68ec5000 r--p 0001b000 08:01 1316463                    /lib/x86_64-linux-gnu/libz.so.1.2.11
7f5c68ec5000-7f5c68ec6000 rw-p 0001c000 08:01 1316463                    /lib/x86_64-linux-gnu/libz.so.1.2.11
7f5c68ec6000-7f5c690ad000 r-xp 00000000 08:01 1311659                    /lib/x86_64-linux-gnu/libc-2.27.so
7f5c690ad000-7f5c692ad000 ---p 001e7000 08:01 1311659                    /lib/x86_64-linux-gnu/libc-2.27.so
7f5c692ad000-7f5c692b1000 r--p 001e7000 08:01 1311659                    /lib/x86_64-linux-gnu/libc-2.27.so
7f5c692b1000-7f5c692b3000 rw-p 001eb000 08:01 1311659                    /lib/x86_64-linux-gnu/libc-2.27.so
7f5c692b3000-7f5c692b7000 rw-p 00000000 00:00 0 
7f5c692b7000-7f5c692c6000 r-xp 00000000 08:01 3021202                    /usr/lib/jvm/java-11-openjdk-amd64/lib/jli/libjli.so
7f5c692c6000-7f5c694c5000 ---p 0000f000 08:01 3021202                    /usr/lib/jvm/java-11-openjdk-amd64/lib/jli/libjli.so
7f5c694c5000-7f5c694c6000 r--p 0000e000 08:01 3021202                    /usr/lib/jvm/java-11-openjdk-amd64/lib/jli/libjli.so
7f5c694c6000-7f5c694c7000 rw-p 0000f000 08:01 3021202                    /usr/lib/jvm/java-11-openjdk-amd64/lib/jli/libjli.so
7f5c694c7000-7f5c694f0000 r-xp 00000000 08:01 1311617                    /lib/x86_64-linux-gnu/ld-2.27.so
7f5c6954a000-7f5c695cb000 rw-p 00000000 00:00 0 
7f5c695cb000-7f5c695cf000 ---p 00000000 00:00 0 
7f5c695cf000-7f5c696ce000 rw-p 00000000 00:00 0 
7f5c696d6000-7f5c696db000 rw-p 00000000 00:00 0 
7f5c696db000-7f5c696e2000 ---p 00000000 00:00 0 
7f5c696e2000-7f5c696e4000 r--s 00007000 08:01 403569                     /usr/share/java/java-atk-wrapper.jar
7f5c696e4000-7f5c696ec000 rw-s 00000000 08:01 2001894                    /tmp/hsperfdata_stefanopenazzi/24411
7f5c696ec000-7f5c696ed000 ---p 00000000 00:00 0 
7f5c696ed000-7f5c696ee000 r--p 00000000 00:00 0 
7f5c696ee000-7f5c696f0000 rw-p 00000000 00:00 0 
7f5c696f0000-7f5c696f1000 r--p 00029000 08:01 1311617                    /lib/x86_64-linux-gnu/ld-2.27.so
7f5c696f1000-7f5c696f2000 rw-p 0002a000 08:01 1311617                    /lib/x86_64-linux-gnu/ld-2.27.so
7f5c696f2000-7f5c696f3000 rw-p 00000000 00:00 0 
7ffdc52ec000-7ffdc5313000 rw-p 00000000 00:00 0                          [stack]
7ffdc531e000-7ffdc5321000 r--p 00000000 00:00 0                          [vvar]
7ffdc5321000-7ffdc5323000 r-xp 00000000 00:00 0                          [vdso]
ffffffffff600000-ffffffffff601000 r-xp 00000000 00:00 0                  [vsyscall]


VM Arguments:
jvm_args: -ea -Xms2000m -Xmx2000m -Dfile.encoding=UTF-8 
java_command: org.eclipse.jdt.internal.junit.runner.RemoteTestRunner -version 3 -port 32827 -testLoaderClass org.eclipse.jdt.internal.junit5.runner.JUnit5TestLoader -loaderpluginname org.eclipse.jdt.junit5.runtime -test core.graph.facility.osm.UtilityTest:neo4jOSMFacilityTest
java_class_path (initial): /home/stefanopenazzi/git/jtap/target/test-classes:/home/stefanopenazzi/git/jtap/target/classes:/home/stefanopenazzi/.m2/repository/org/postgresql/postgresql/42.2.20/postgresql-42.2.20.jar:/home/stefanopenazzi/.m2/repository/org/checkerframework/checker-qual/3.5.0/checker-qual-3.5.0.jar:/home/stefanopenazzi/.m2/repository/org/neo4j/neo4j/4.2.3/neo4j-4.2.3.jar:/home/stefanopenazzi/.m2/repository/org/neo4j/annotations/4.2.3/annotations-4.2.3.jar:/home/stefanopenazzi/.m2/repository/org/eclipse/collections/eclipse-collections/10.3.0/eclipse-collections-10.3.0.jar:/home/stefanopenazzi/.m2/repository/org/eclipse/collections/eclipse-collections-api/10.3.0/eclipse-collections-api-10.3.0.jar:/home/stefanopenazzi/.m2/repository/org/neo4j/neo4j-kernel/4.2.3/neo4j-kernel-4.2.3.jar:/home/stefanopenazzi/.m2/repository/org/neo4j/neo4j-native/4.2.3/neo4j-native-4.2.3.jar:/home/stefanopenazzi/.m2/repository/net/java/dev/jna/jna/5.6.0/jna-5.6.0.jar:/home/stefanopenazzi/.m2/repository/org/neo4j/neo4j-graphdb-api/4.2.3/neo4j-graphdb-api-4.2.3.jar:/home/stefanopenazzi/.m2/repository/org/neo4j/neo4j-storage-engine-api/4.2.3/neo4j-storage-engine-api-4.2.3.jar:/home/stefanopenazzi/.m2/repository/org/neo4j/neo4j-lock/4.2.3/neo4j-lock-4.2.3.jar:/home/stefanopenazzi/.m2/repository/org/neo4j/neo4j-diagnostics/4.2.3/neo4j-diagnostics-4.2.3.jar:/home/stefanopenazzi/.m2/repository/org/neo4j/neo4j-token-api/4.2.3/neo4j-token-api-4.2.3.jar:/home/stefanopenazzi/.m2/repository/org/neo4j/neo4j-schema/4.2.3/neo4j-schema-4.2.3.jar:/home/stefanopenazzi/.m2/repository/org/neo4j/neo4j-monitoring/4.2.3/neo4j-monitoring-4.2.3.jar:/home/stefanopenazzi/.m2/repository/org/neo4j/neo4j-kernel-api/4.2.3/neo4j-kernel-api-4.2.3.jar:/home/stefanopenazzi/.m2/repository/org/neo4j/neo4j-common/4.2.3/neo4j-common-4.2.3.jar:/home/stefanopenazzi/.m2/repository/org/neo4j/neo4j-values/4.2.3/neo4j-values-4.2.3.jar:/home/stefanopenazzi/.m2/repository/org/neo4j/neo4j-unsafe/4.2.3/neo4j-unsafe-4.2.3.j
Launcher Type: SUN_STANDARD

[Global flags]
     intx CICompilerCount                          = 4                                         {product} {ergonomic}
     uint ConcGCThreads                            = 2                                         {product} {ergonomic}
     uint G1ConcRefinementThreads                  = 8                                         {product} {ergonomic}
   size_t G1HeapRegionSize                         = 1048576                                   {product} {ergonomic}
    uintx GCDrainStackTargetSize                   = 64                                        {product} {ergonomic}
   size_t InitialHeapSize                          = 2097152000                                {product} {command line}
   size_t MarkStackSize                            = 4194304                                   {product} {ergonomic}
   size_t MaxHeapSize                              = 2097152000                                {product} {command line}
   size_t MinHeapDeltaBytes                        = 1048576                                   {product} {ergonomic}
    uintx NonNMethodCodeHeapSize                   = 5836300                                {pd product} {ergonomic}
    uintx NonProfiledCodeHeapSize                  = 122910970                              {pd product} {ergonomic}
    uintx ProfiledCodeHeapSize                     = 122910970                              {pd product} {ergonomic}
    uintx ReservedCodeCacheSize                    = 251658240                              {pd product} {ergonomic}
     bool SegmentedCodeCache                       = true                                      {product} {ergonomic}
     bool UseCompressedClassPointers               = true                                 {lp64_product} {ergonomic}
     bool UseCompressedOops                        = true                                 {lp64_product} {ergonomic}
     bool UseG1GC                                  = true                                      {product} {ergonomic}

Logging:
Log output configuration:
 #0: stdout all=warning uptime,level,tags
 #1: stderr all=off uptime,level,tags

Environment Variables:
JAVA_HOME=/usr/lib/jvm/java-11-openjdk-amd64
PATH=/home/stefanopenazzi/.local/bin:/usr/local/sbin:/usr/local/bin:/usr/sbin:/usr/bin:/sbin:/bin:/usr/games:/usr/local/games:/snap/bin:/home/stefanopenazzi/bin:/usr/lib/jvm/java-11-openjdk-amd64/bin
USERNAME=stefanopenazzi
SHELL=/bin/bash
DISPLAY=:0
LANG=en_US.UTF-8

Signal Handlers:
SIGSEGV: [libjvm.so+0xe24690], sa_mask[0]=11111111011111111101111111111110, sa_flags=SA_RESTART|SA_SIGINFO
SIGBUS: [libjvm.so+0xe24690], sa_mask[0]=11111111011111111101111111111110, sa_flags=SA_RESTART|SA_SIGINFO
SIGFPE: [libjvm.so+0xe24690], sa_mask[0]=11111111011111111101111111111110, sa_flags=SA_RESTART|SA_SIGINFO
SIGPIPE: [libjvm.so+0xb7a7f0], sa_mask[0]=11111111011111111101111111111110, sa_flags=SA_RESTART|SA_SIGINFO
SIGXFSZ: [libjvm.so+0xb7a7f0], sa_mask[0]=11111111011111111101111111111110, sa_flags=SA_RESTART|SA_SIGINFO
SIGILL: [libjvm.so+0xe24690], sa_mask[0]=11111111011111111101111111111110, sa_flags=SA_RESTART|SA_SIGINFO
SIGUSR2: [libjvm.so+0xb7a680], sa_mask[0]=00100000000000000000000000000000, sa_flags=SA_RESTART|SA_SIGINFO
SIGHUP: SIG_DFL, sa_mask[0]=00000000000000000000000000000000, sa_flags=none
SIGINT: SIG_DFL, sa_mask[0]=00000000000000000000000000000000, sa_flags=none
SIGTERM: SIG_DFL, sa_mask[0]=00000000000000000000000000000000, sa_flags=none
SIGQUIT: SIG_DFL, sa_mask[0]=00000000000000000000000000000000, sa_flags=none


---------------  S Y S T E M  ---------------

OS:DISTRIB_ID=Ubuntu
DISTRIB_RELEASE=18.04
DISTRIB_CODENAME=bionic
DISTRIB_DESCRIPTION="Ubuntu 18.04.5 LTS"
uname:Linux 4.15.0-166-generic #174-Ubuntu SMP Wed Dec 8 19:07:44 UTC 2021 x86_64
OS uptime: 1 days 12:08 hours
libc:glibc 2.27 NPTL 2.27 
rlimit (soft/hard): STACK 8192k/infinity , CORE 0k/infinity , NPROC 62374/62374 , NOFILE 4096/4096 , AS infinity/infinity , CPU infinity/infinity , DATA infinity/infinity , FSIZE infinity/infinity , MEMLOCK 65536k/65536k
load average:0.09 0.10 0.23

/proc/meminfo:
MemTotal:       16015032 kB
MemFree:          189496 kB
MemAvailable:    2065268 kB
Buffers:           48356 kB
Cached:           967744 kB
SwapCached:        18948 kB
Active:          9027848 kB
Inactive:        2535288 kB
Active(anon):    8199880 kB
Inactive(anon):  1323556 kB
Active(file):     827968 kB
Inactive(file):  1211732 kB
Unevictable:         176 kB
Mlocked:             176 kB
SwapTotal:       2097148 kB
SwapFree:         508824 kB
Dirty:               504 kB
Writeback:             0 kB
AnonPages:      10538612 kB
Mapped:           838844 kB
Shmem:             35728 kB
Slab:             387412 kB
SReclaimable:     172448 kB
SUnreclaim:       214964 kB
KernelStack:       22512 kB
PageTables:        97368 kB
NFS_Unstable:          0 kB
Bounce:                0 kB
WritebackTmp:          0 kB
CommitLimit:    10104664 kB
Committed_AS:   20135432 kB
VmallocTotal:   34359738367 kB
VmallocUsed:           0 kB
VmallocChunk:          0 kB
HardwareCorrupted:     0 kB
AnonHugePages:    532480 kB
ShmemHugePages:        0 kB
ShmemPmdMapped:        0 kB
CmaTotal:              0 kB
CmaFree:               0 kB
HugePages_Total:       0
HugePages_Free:        0
HugePages_Rsvd:        0
HugePages_Surp:        0
Hugepagesize:       2048 kB
DirectMap4k:      554816 kB
DirectMap2M:    14780416 kB
DirectMap1G:     1048576 kB

/sys/kernel/mm/transparent_hugepage/enabled:
always [madvise] never
/sys/kernel/mm/transparent_hugepage/defrag (defrag/compaction efforts parameter):
always defer defer+madvise [madvise] never

Process Memory:
Virtual Size: 841116K (peak: 2913660K)
Resident Set Size: 14096K (peak: 14096K) (anon: 2052K, file: 12044K, shmem: 0K)
Swapped out: 0K
C-Heap outstanding allocations: 744K

/proc/sys/kernel/threads-max (system-wide limit on the number of threads):
124748
/proc/sys/vm/max_map_count (maximum number of memory map areas a process may have):
65530
/proc/sys/kernel/pid_max (system-wide limit on number of process identifiers):
131072

container (cgroup) information:
container_type: cgroupv1
cpu_cpuset_cpus: 0-7
cpu_memory_nodes: 0
active_processor_count: 8
cpu_quota: -1
cpu_period: 100000
cpu_shares: -1
memory_limit_in_bytes: -1
memory_and_swap_limit_in_bytes: -2
memory_soft_limit_in_bytes: -1
memory_usage_in_bytes: 9530970112
memory_max_usage_in_bytes: 10686197760

VMWare virtualization detected
Steal ticks since vm start: 0
Steal ticks percentage since vm start:  0.000

CPU:total 8 (initial active 8) (1 cores per cpu, 1 threads per core) family 6 model 142 stepping 10 microcode 0xca, cmov, cx8, fxsr, mmx, sse, sse2, sse3, ssse3, sse4.1, sse4.2, popcnt, avx, avx2, aes, clmul, erms, rtm, 3dnowpref, lzcnt, tsc, tscinvbit, bmi1, bmi2, adx, fma
CPU Model and flags from /proc/cpuinfo:
model name	: Intel(R) Core(TM) i7-8650U CPU @ 1.90GHz
flags		: fpu vme de pse tsc msr pae mce cx8 apic sep mtrr pge mca cmov pat pse36 clflush mmx fxsr sse sse2 ss syscall nx pdpe1gb rdtscp lm constant_tsc arch_perfmon nopl xtopology tsc_reliable nonstop_tsc cpuid pni pclmulqdq ssse3 fma cx16 pcid sse4_1 sse4_2 x2apic movbe popcnt tsc_deadline_timer aes xsave avx f16c rdrand hypervisor lahf_lm abm 3dnowprefetch cpuid_fault invpcid_single pti ssbd ibrs ibpb stibp fsgsbase tsc_adjust bmi1 hle avx2 smep bmi2 invpcid rtm mpx rdseed adx smap clflushopt xsaveopt xsavec xsaves arat flush_l1d arch_capabilities
Online cpus:
0-7
Offline cpus:
8-127
BIOS frequency limitation:
<Not Available>
Frequency switch latency (ns):
<Not Available>
Available cpu frequencies:
<Not Available>
Current governor:
<Not Available>
Core performance/turbo boost:
<Not Available>

Memory: 4k page, physical 16015032k(189496k free), swap 2097148k(508824k free)

vm_info: OpenJDK 64-Bit Server VM (11.0.13+8-Ubuntu-0ubuntu1.18.04) for linux-amd64 JRE (11.0.13+8-Ubuntu-0ubuntu1.18.04), built on Oct 29 2021 09:11:30 by "unknown" with gcc 8.4.0

END.
