#
# There is insufficient memory for the Java Runtime Environment to continue.
# Native memory allocation (mmap) failed to map 2097152000 bytes for committing reserved memory.
# Possible reasons:
#   The system is out of physical RAM or swap space
#   The process is running with CompressedOops enabled, and the Java Heap may be blocking the growth of the native heap
# Possible solutions:
#   Reduce memory load on the system
#   Increase physical memory or swap space
#   Check if swap backing store is full
#   Decrease Java heap size (-Xmx/-Xms)
#   Decrease number of Java threads
#   Decrease Java thread stack sizes (-Xss)
#   Set larger code cache with -XX:ReservedCodeCacheSize=
# This output file may be truncated or incomplete.
#
#  Out of Memory Error (os_linux.cpp:3003), pid=26559, tid=26560
#
# JRE version:  (11.0.13+8) (build )
# Java VM: OpenJDK 64-Bit Server VM (11.0.13+8-Ubuntu-0ubuntu1.18.04, mixed mode, sharing, tiered, compressed oops, g1 gc, linux-amd64)
# Core dump will be written. Default location: Core dumps may be processed with "/usr/share/apport/apport %p %s %c %d %P %E" (or dumping to /home/stefanopenazzi/git/jtap/core.26559)
#

---------------  S U M M A R Y ------------

Command Line: -ea -Xms2000m -Xmx2000m -Dfile.encoding=UTF-8 org.eclipse.jdt.internal.junit.runner.RemoteTestRunner -version 3 -port 34207 -testLoaderClass org.eclipse.jdt.internal.junit5.runner.JUnit5TestLoader -loaderpluginname org.eclipse.jdt.junit5.runtime -test core.graph.facility.osm.UtilityTest:neo4jOSMFacilityTest

Host: Intel(R) Core(TM) i7-8650U CPU @ 1.90GHz, 8 cores, 15G, Ubuntu 18.04.5 LTS
Time: Tue Feb  1 06:34:35 2022 PST elapsed time: 0.057828 seconds (0d 0h 0m 0s)

---------------  T H R E A D  ---------------

Current thread (0x00007f706001c800):  JavaThread "Unknown thread" [_thread_in_vm, id=26560, stack(0x00007f7069de7000,0x00007f7069ee8000)]

Stack: [0x00007f7069de7000,0x00007f7069ee8000],  sp=0x00007f7069ee6210,  free space=1020k
Native frames: (J=compiled Java code, A=aot compiled Java code, j=interpreted, Vv=VM code, C=native code)
V  [libjvm.so+0xe2395a]
V  [libjvm.so+0xe2463b]
V  [libjvm.so+0x652a25]
V  [libjvm.so+0xb7f9d8]
V  [libjvm.so+0xb75f2d]
V  [libjvm.so+0x76ca2f]
V  [libjvm.so+0x76cdde]
V  [libjvm.so+0x776436]
V  [libjvm.so+0x7ee164]
V  [libjvm.so+0x7eed70]
V  [libjvm.so+0x7ef187]
V  [libjvm.so+0x72a5e0]
V  [libjvm.so+0x72ace1]
V  [libjvm.so+0xde7442]
V  [libjvm.so+0xde7706]
V  [libjvm.so+0x80ded7]
V  [libjvm.so+0xdc120a]
V  [libjvm.so+0x8b3ef1]  JNI_CreateJavaVM+0x51
C  [libjli.so+0x3a88]
C  [libjli.so+0x87e9]


---------------  P R O C E S S  ---------------

Threads class SMR info:
_java_thread_list=0x000055da26c527e0, length=0, elements={
}

Java Threads: ( => current thread )

Other Threads:
  0x00007f7060035800 GCTaskThread "GC Thread#0" [stack: 0x00007f7065db4000,0x00007f7065eb4000] [id=26566]
  0x00007f7060067800 ConcurrentGCThread "G1 Main Marker" [stack: 0x00007f70648f2000,0x00007f70649f2000] [id=26568]
  0x00007f7060069800 ConcurrentGCThread "G1 Conc#0" [stack: 0x00007f70647f0000,0x00007f70648f0000] [id=26569]

[error occurred during error reporting (printing all threads), id 0xb, SIGSEGV (0xb) at pc=0x00007f706839eeb0]

VM state:not at safepoint (not fully initialized)

VM Mutex/Monitor currently owned by a thread:  ([mutex/lock_event])
[0x00007f7060019270] Heap_lock - owner thread: 0x00007f706001c800

Heap address: 0x0000000083000000, size: 2000 MB, Compressed Oops mode: Non-zero based: 0x0000000083000000
Narrow klass base: 0x0000000000000000, Narrow klass shift: 0

GC Heap History (0 events):
No events

Deoptimization events (0 events):
No events

Classes redefined (0 events):
No events

Internal exceptions (0 events):
No events

Events (2 events):
Event: 0.048 Protecting memory [0x00007f7069de7000,0x00007f7069deb000] with protection modes 0
Event: 0.050 Loaded shared library /usr/lib/jvm/java-11-openjdk-amd64/lib/libzip.so


Dynamic libraries:
55da25898000-55da25899000 r-xp 00000000 08:01 3021179                    /usr/lib/jvm/java-11-openjdk-amd64/bin/java
55da25a99000-55da25a9a000 r--p 00001000 08:01 3021179                    /usr/lib/jvm/java-11-openjdk-amd64/bin/java
55da25a9a000-55da25a9b000 rw-p 00002000 08:01 3021179                    /usr/lib/jvm/java-11-openjdk-amd64/bin/java
55da26c35000-55da26c79000 rw-p 00000000 00:00 0                          [heap]
7f7034000000-7f7034021000 rw-p 00000000 00:00 0 
7f7034021000-7f7038000000 ---p 00000000 00:00 0 
7f703a000000-7f703c000000 rw-p 00000000 00:00 0 
7f703c000000-7f703c021000 rw-p 00000000 00:00 0 
7f703c021000-7f7040000000 ---p 00000000 00:00 0 
7f7040180000-7f7044000000 ---p 00000000 00:00 0 
7f7044000000-7f7044021000 rw-p 00000000 00:00 0 
7f7044021000-7f7048000000 ---p 00000000 00:00 0 
7f7048752000-7f7048853000 rw-p 00000000 00:00 0 
7f7048853000-7f7048ac3000 rwxp 00000000 00:00 0 
7f7048ac3000-7f7048de4000 ---p 00000000 00:00 0 
7f7048de4000-7f7049054000 rwxp 00000000 00:00 0 
7f7049054000-7f705031b000 ---p 00000000 00:00 0 
7f705031b000-7f705058b000 rwxp 00000000 00:00 0 
7f705058b000-7f7057853000 ---p 00000000 00:00 0 
7f7057853000-7f7060000000 r--s 00000000 08:01 3021244                    /usr/lib/jvm/java-11-openjdk-amd64/lib/modules
7f7060000000-7f7060095000 rw-p 00000000 00:00 0 
7f7060095000-7f7064000000 ---p 00000000 00:00 0 
7f70640e7000-7f70647ee000 rw-p 00000000 00:00 0 
7f70647ee000-7f70647ef000 ---p 00000000 00:00 0 
7f70647ef000-7f70648f0000 rw-p 00000000 00:00 0 
7f70648f0000-7f70648f1000 ---p 00000000 00:00 0 
7f70648f1000-7f70649f2000 rw-p 00000000 00:00 0 
7f70649f2000-7f70655aa000 ---p 00000000 00:00 0 
7f70655aa000-7f7065db2000 rw-p 00000000 00:00 0 
7f7065db2000-7f7065db3000 ---p 00000000 00:00 0 
7f7065db3000-7f7065eb9000 rw-p 00000000 00:00 0 
7f7065eb9000-7f7065f9f000 ---p 00000000 00:00 0 
7f7065f9f000-7f7065fa4000 rw-p 00000000 00:00 0 
7f7065fa4000-7f706608a000 ---p 00000000 00:00 0 
7f706608a000-7f7066091000 r-xp 00000000 08:01 3021243                    /usr/lib/jvm/java-11-openjdk-amd64/lib/libzip.so
7f7066091000-7f7066290000 ---p 00007000 08:01 3021243                    /usr/lib/jvm/java-11-openjdk-amd64/lib/libzip.so
7f7066290000-7f7066291000 r--p 00006000 08:01 3021243                    /usr/lib/jvm/java-11-openjdk-amd64/lib/libzip.so
7f7066291000-7f7066292000 rw-p 00007000 08:01 3021243                    /usr/lib/jvm/java-11-openjdk-amd64/lib/libzip.so
7f7066292000-7f706629d000 r-xp 00000000 08:01 1313024                    /lib/x86_64-linux-gnu/libnss_files-2.27.so
7f706629d000-7f706649c000 ---p 0000b000 08:01 1313024                    /lib/x86_64-linux-gnu/libnss_files-2.27.so
7f706649c000-7f706649d000 r--p 0000a000 08:01 1313024                    /lib/x86_64-linux-gnu/libnss_files-2.27.so
7f706649d000-7f706649e000 rw-p 0000b000 08:01 1313024                    /lib/x86_64-linux-gnu/libnss_files-2.27.so
7f706649e000-7f70664a4000 rw-p 00000000 00:00 0 
7f70664a4000-7f70664bb000 r-xp 00000000 08:01 1312840                    /lib/x86_64-linux-gnu/libnsl-2.27.so
7f70664bb000-7f70666ba000 ---p 00017000 08:01 1312840                    /lib/x86_64-linux-gnu/libnsl-2.27.so
7f70666ba000-7f70666bb000 r--p 00016000 08:01 1312840                    /lib/x86_64-linux-gnu/libnsl-2.27.so
7f70666bb000-7f70666bc000 rw-p 00017000 08:01 1312840                    /lib/x86_64-linux-gnu/libnsl-2.27.so
7f70666bc000-7f70666be000 rw-p 00000000 00:00 0 
7f70666be000-7f70666c9000 r-xp 00000000 08:01 1313122                    /lib/x86_64-linux-gnu/libnss_nis-2.27.so
7f70666c9000-7f70668c8000 ---p 0000b000 08:01 1313122                    /lib/x86_64-linux-gnu/libnss_nis-2.27.so
7f70668c8000-7f70668c9000 r--p 0000a000 08:01 1313122                    /lib/x86_64-linux-gnu/libnss_nis-2.27.so
7f70668c9000-7f70668ca000 rw-p 0000b000 08:01 1313122                    /lib/x86_64-linux-gnu/libnss_nis-2.27.so
7f70668ca000-7f70668d2000 r-xp 00000000 08:01 1312996                    /lib/x86_64-linux-gnu/libnss_compat-2.27.so
7f70668d2000-7f7066ad2000 ---p 00008000 08:01 1312996                    /lib/x86_64-linux-gnu/libnss_compat-2.27.so
7f7066ad2000-7f7066ad3000 r--p 00008000 08:01 1312996                    /lib/x86_64-linux-gnu/libnss_compat-2.27.so
7f7066ad3000-7f7066ad4000 rw-p 00009000 08:01 1312996                    /lib/x86_64-linux-gnu/libnss_compat-2.27.so
7f7066ad4000-7f7066ad9000 r-xp 00000000 08:01 3021220                    /usr/lib/jvm/java-11-openjdk-amd64/lib/libjimage.so
7f7066ad9000-7f7066cd8000 ---p 00005000 08:01 3021220                    /usr/lib/jvm/java-11-openjdk-amd64/lib/libjimage.so
7f7066cd8000-7f7066cd9000 r--p 00004000 08:01 3021220                    /usr/lib/jvm/java-11-openjdk-amd64/lib/libjimage.so
7f7066cd9000-7f7066cda000 rw-p 00005000 08:01 3021220                    /usr/lib/jvm/java-11-openjdk-amd64/lib/libjimage.so
7f7066cda000-7f7066d02000 r-xp 00000000 08:01 3021217                    /usr/lib/jvm/java-11-openjdk-amd64/lib/libjava.so
7f7066d02000-7f7066f02000 ---p 00028000 08:01 3021217                    /usr/lib/jvm/java-11-openjdk-amd64/lib/libjava.so
7f7066f02000-7f7066f03000 r--p 00028000 08:01 3021217                    /usr/lib/jvm/java-11-openjdk-amd64/lib/libjava.so
7f7066f03000-7f7066f04000 rw-p 00029000 08:01 3021217                    /usr/lib/jvm/java-11-openjdk-amd64/lib/libjava.so
7f7066f04000-7f7066f05000 rw-p 00000000 00:00 0 
7f7066f05000-7f7066f12000 r-xp 00000000 08:01 3021241                    /usr/lib/jvm/java-11-openjdk-amd64/lib/libverify.so
7f7066f12000-7f7067111000 ---p 0000d000 08:01 3021241                    /usr/lib/jvm/java-11-openjdk-amd64/lib/libverify.so
7f7067111000-7f7067113000 r--p 0000c000 08:01 3021241                    /usr/lib/jvm/java-11-openjdk-amd64/lib/libverify.so
7f7067113000-7f7067114000 rw-p 0000e000 08:01 3021241                    /usr/lib/jvm/java-11-openjdk-amd64/lib/libverify.so
7f7067114000-7f706711b000 r-xp 00000000 08:01 1315245                    /lib/x86_64-linux-gnu/librt-2.27.so
7f706711b000-7f706731a000 ---p 00007000 08:01 1315245                    /lib/x86_64-linux-gnu/librt-2.27.so
7f706731a000-7f706731b000 r--p 00006000 08:01 1315245                    /lib/x86_64-linux-gnu/librt-2.27.so
7f706731b000-7f706731c000 rw-p 00007000 08:01 1315245                    /lib/x86_64-linux-gnu/librt-2.27.so
7f706731c000-7f7067333000 r-xp 00000000 08:01 1315934                    /lib/x86_64-linux-gnu/libgcc_s.so.1
7f7067333000-7f7067532000 ---p 00017000 08:01 1315934                    /lib/x86_64-linux-gnu/libgcc_s.so.1
7f7067532000-7f7067533000 r--p 00016000 08:01 1315934                    /lib/x86_64-linux-gnu/libgcc_s.so.1
7f7067533000-7f7067534000 rw-p 00017000 08:01 1315934                    /lib/x86_64-linux-gnu/libgcc_s.so.1
7f7067534000-7f70676d1000 r-xp 00000000 08:01 1311664                    /lib/x86_64-linux-gnu/libm-2.27.so
7f70676d1000-7f70678d0000 ---p 0019d000 08:01 1311664                    /lib/x86_64-linux-gnu/libm-2.27.so
7f70678d0000-7f70678d1000 r--p 0019c000 08:01 1311664                    /lib/x86_64-linux-gnu/libm-2.27.so
7f70678d1000-7f70678d2000 rw-p 0019d000 08:01 1311664                    /lib/x86_64-linux-gnu/libm-2.27.so
7f70678d2000-7f7067a4b000 r-xp 00000000 08:01 3015239                    /usr/lib/x86_64-linux-gnu/libstdc++.so.6.0.25
7f7067a4b000-7f7067c4b000 ---p 00179000 08:01 3015239                    /usr/lib/x86_64-linux-gnu/libstdc++.so.6.0.25
7f7067c4b000-7f7067c55000 r--p 00179000 08:01 3015239                    /usr/lib/x86_64-linux-gnu/libstdc++.so.6.0.25
7f7067c55000-7f7067c57000 rw-p 00183000 08:01 3015239                    /usr/lib/x86_64-linux-gnu/libstdc++.so.6.0.25
7f7067c57000-7f7067c5b000 rw-p 00000000 00:00 0 
7f7067c5b000-7f7068d4d000 r-xp 00000000 08:01 3160874                    /usr/lib/jvm/java-11-openjdk-amd64/lib/server/libjvm.so
7f7068d4d000-7f7068f4c000 ---p 010f2000 08:01 3160874                    /usr/lib/jvm/java-11-openjdk-amd64/lib/server/libjvm.so
7f7068f4c000-7f7069010000 r--p 010f1000 08:01 3160874                    /usr/lib/jvm/java-11-openjdk-amd64/lib/server/libjvm.so
7f7069010000-7f706904b000 rw-p 011b5000 08:01 3160874                    /usr/lib/jvm/java-11-openjdk-amd64/lib/server/libjvm.so
7f706904b000-7f70690a2000 rw-p 00000000 00:00 0 
7f70690a2000-7f70690bc000 r-xp 00000000 08:01 1313166                    /lib/x86_64-linux-gnu/libpthread-2.27.so
7f70690bc000-7f70692bb000 ---p 0001a000 08:01 1313166                    /lib/x86_64-linux-gnu/libpthread-2.27.so
7f70692bb000-7f70692bc000 r--p 00019000 08:01 1313166                    /lib/x86_64-linux-gnu/libpthread-2.27.so
7f70692bc000-7f70692bd000 rw-p 0001a000 08:01 1313166                    /lib/x86_64-linux-gnu/libpthread-2.27.so
7f70692bd000-7f70692c1000 rw-p 00000000 00:00 0 
7f70692c1000-7f70692c4000 r-xp 00000000 08:01 1311662                    /lib/x86_64-linux-gnu/libdl-2.27.so
7f70692c4000-7f70694c3000 ---p 00003000 08:01 1311662                    /lib/x86_64-linux-gnu/libdl-2.27.so
7f70694c3000-7f70694c4000 r--p 00002000 08:01 1311662                    /lib/x86_64-linux-gnu/libdl-2.27.so
7f70694c4000-7f70694c5000 rw-p 00003000 08:01 1311662                    /lib/x86_64-linux-gnu/libdl-2.27.so
7f70694c5000-7f70694e1000 r-xp 00000000 08:01 1316463                    /lib/x86_64-linux-gnu/libz.so.1.2.11
7f70694e1000-7f70696e0000 ---p 0001c000 08:01 1316463                    /lib/x86_64-linux-gnu/libz.so.1.2.11
7f70696e0000-7f70696e1000 r--p 0001b000 08:01 1316463                    /lib/x86_64-linux-gnu/libz.so.1.2.11
7f70696e1000-7f70696e2000 rw-p 0001c000 08:01 1316463                    /lib/x86_64-linux-gnu/libz.so.1.2.11
7f70696e2000-7f70698c9000 r-xp 00000000 08:01 1311659                    /lib/x86_64-linux-gnu/libc-2.27.so
7f70698c9000-7f7069ac9000 ---p 001e7000 08:01 1311659                    /lib/x86_64-linux-gnu/libc-2.27.so
7f7069ac9000-7f7069acd000 r--p 001e7000 08:01 1311659                    /lib/x86_64-linux-gnu/libc-2.27.so
7f7069acd000-7f7069acf000 rw-p 001eb000 08:01 1311659                    /lib/x86_64-linux-gnu/libc-2.27.so
7f7069acf000-7f7069ad3000 rw-p 00000000 00:00 0 
7f7069ad3000-7f7069ae2000 r-xp 00000000 08:01 3021202                    /usr/lib/jvm/java-11-openjdk-amd64/lib/jli/libjli.so
7f7069ae2000-7f7069ce1000 ---p 0000f000 08:01 3021202                    /usr/lib/jvm/java-11-openjdk-amd64/lib/jli/libjli.so
7f7069ce1000-7f7069ce2000 r--p 0000e000 08:01 3021202                    /usr/lib/jvm/java-11-openjdk-amd64/lib/jli/libjli.so
7f7069ce2000-7f7069ce3000 rw-p 0000f000 08:01 3021202                    /usr/lib/jvm/java-11-openjdk-amd64/lib/jli/libjli.so
7f7069ce3000-7f7069d0c000 r-xp 00000000 08:01 1311617                    /lib/x86_64-linux-gnu/ld-2.27.so
7f7069d66000-7f7069de7000 rw-p 00000000 00:00 0 
7f7069de7000-7f7069deb000 ---p 00000000 00:00 0 
7f7069deb000-7f7069eea000 rw-p 00000000 00:00 0 
7f7069ef2000-7f7069ef7000 rw-p 00000000 00:00 0 
7f7069ef7000-7f7069efe000 ---p 00000000 00:00 0 
7f7069efe000-7f7069f00000 r--s 00007000 08:01 403569                     /usr/share/java/java-atk-wrapper.jar
7f7069f00000-7f7069f08000 rw-s 00000000 08:01 2007777                    /tmp/hsperfdata_stefanopenazzi/26559
7f7069f08000-7f7069f09000 ---p 00000000 00:00 0 
7f7069f09000-7f7069f0a000 r--p 00000000 00:00 0 
7f7069f0a000-7f7069f0c000 rw-p 00000000 00:00 0 
7f7069f0c000-7f7069f0d000 r--p 00029000 08:01 1311617                    /lib/x86_64-linux-gnu/ld-2.27.so
7f7069f0d000-7f7069f0e000 rw-p 0002a000 08:01 1311617                    /lib/x86_64-linux-gnu/ld-2.27.so
7f7069f0e000-7f7069f0f000 rw-p 00000000 00:00 0 
7fff36701000-7fff36728000 rw-p 00000000 00:00 0                          [stack]
7fff36747000-7fff3674a000 r--p 00000000 00:00 0                          [vvar]
7fff3674a000-7fff3674c000 r-xp 00000000 00:00 0                          [vdso]
ffffffffff600000-ffffffffff601000 r-xp 00000000 00:00 0                  [vsyscall]


VM Arguments:
jvm_args: -ea -Xms2000m -Xmx2000m -Dfile.encoding=UTF-8 
java_command: org.eclipse.jdt.internal.junit.runner.RemoteTestRunner -version 3 -port 34207 -testLoaderClass org.eclipse.jdt.internal.junit5.runner.JUnit5TestLoader -loaderpluginname org.eclipse.jdt.junit5.runtime -test core.graph.facility.osm.UtilityTest:neo4jOSMFacilityTest
java_class_path (initial): /home/stefanopenazzi/git/jtap/target/test-classes:/home/stefanopenazzi/git/jtap/target/classes:/home/stefanopenazzi/.m2/repository/org/postgresql/postgresql/42.2.20/postgresql-42.2.20.jar:/home/stefanopenazzi/.m2/repository/org/checkerframework/checker-qual/3.5.0/checker-qual-3.5.0.jar:/home/stefanopenazzi/.m2/repository/org/neo4j/neo4j/4.2.3/neo4j-4.2.3.jar:/home/stefanopenazzi/.m2/repository/org/neo4j/annotations/4.2.3/annotations-4.2.3.jar:/home/stefanopenazzi/.m2/repository/org/eclipse/collections/eclipse-collections/10.3.0/eclipse-collections-10.3.0.jar:/home/stefanopenazzi/.m2/repository/org/eclipse/collections/eclipse-collections-api/10.3.0/eclipse-collections-api-10.3.0.jar:/home/stefanopenazzi/.m2/repository/org/neo4j/neo4j-kernel/4.2.3/neo4j-kernel-4.2.3.jar:/home/stefanopenazzi/.m2/repository/org/neo4j/neo4j-native/4.2.3/neo4j-native-4.2.3.jar:/home/stefanopenazzi/.m2/repository/net/java/dev/jna/jna/5.6.0/jna-5.6.0.jar:/home/stefanopenazzi/.m2/repository/org/neo4j/neo4j-graphdb-api/4.2.3/neo4j-graphdb-api-4.2.3.jar:/home/stefanopenazzi/.m2/repository/org/neo4j/neo4j-storage-engine-api/4.2.3/neo4j-storage-engine-api-4.2.3.jar:/home/stefanopenazzi/.m2/repository/org/neo4j/neo4j-lock/4.2.3/neo4j-lock-4.2.3.jar:/home/stefanopenazzi/.m2/repository/org/neo4j/neo4j-diagnostics/4.2.3/neo4j-diagnostics-4.2.3.jar:/home/stefanopenazzi/.m2/repository/org/neo4j/neo4j-token-api/4.2.3/neo4j-token-api-4.2.3.jar:/home/stefanopenazzi/.m2/repository/org/neo4j/neo4j-schema/4.2.3/neo4j-schema-4.2.3.jar:/home/stefanopenazzi/.m2/repository/org/neo4j/neo4j-monitoring/4.2.3/neo4j-monitoring-4.2.3.jar:/home/stefanopenazzi/.m2/repository/org/neo4j/neo4j-kernel-api/4.2.3/neo4j-kernel-api-4.2.3.jar:/home/stefanopenazzi/.m2/repository/org/neo4j/neo4j-common/4.2.3/neo4j-common-4.2.3.jar:/home/stefanopenazzi/.m2/repository/org/neo4j/neo4j-values/4.2.3/neo4j-values-4.2.3.jar:/home/stefanopenazzi/.m2/repository/org/neo4j/neo4j-unsafe/4.2.3/neo4j-unsafe-4.2.3.j
Launcher Type: SUN_STANDARD

[Global flags]
     intx CICompilerCount                          = 4                                         {product} {ergonomic}
     uint ConcGCThreads                            = 2                                         {product} {ergonomic}
     uint G1ConcRefinementThreads                  = 8                                         {product} {ergonomic}
   size_t G1HeapRegionSize                         = 1048576                                   {product} {ergonomic}
    uintx GCDrainStackTargetSize                   = 64                                        {product} {ergonomic}
   size_t InitialHeapSize                          = 2097152000                                {product} {command line}
   size_t MarkStackSize                            = 4194304                                   {product} {ergonomic}
   size_t MaxHeapSize                              = 2097152000                                {product} {command line}
   size_t MinHeapDeltaBytes                        = 1048576                                   {product} {ergonomic}
    uintx NonNMethodCodeHeapSize                   = 5836300                                {pd product} {ergonomic}
    uintx NonProfiledCodeHeapSize                  = 122910970                              {pd product} {ergonomic}
    uintx ProfiledCodeHeapSize                     = 122910970                              {pd product} {ergonomic}
    uintx ReservedCodeCacheSize                    = 251658240                              {pd product} {ergonomic}
     bool SegmentedCodeCache                       = true                                      {product} {ergonomic}
     bool UseCompressedClassPointers               = true                                 {lp64_product} {ergonomic}
     bool UseCompressedOops                        = true                                 {lp64_product} {ergonomic}
     bool UseG1GC                                  = true                                      {product} {ergonomic}

Logging:
Log output configuration:
 #0: stdout all=warning uptime,level,tags
 #1: stderr all=off uptime,level,tags

Environment Variables:
JAVA_HOME=/usr/lib/jvm/java-11-openjdk-amd64
PATH=/home/stefanopenazzi/.local/bin:/usr/local/sbin:/usr/local/bin:/usr/sbin:/usr/bin:/sbin:/bin:/usr/games:/usr/local/games:/snap/bin:/home/stefanopenazzi/bin:/usr/lib/jvm/java-11-openjdk-amd64/bin
USERNAME=stefanopenazzi
SHELL=/bin/bash
DISPLAY=:0
LANG=en_US.UTF-8

Signal Handlers:
SIGSEGV: [libjvm.so+0xe24690], sa_mask[0]=11111111011111111101111111111110, sa_flags=SA_RESTART|SA_SIGINFO
SIGBUS: [libjvm.so+0xe24690], sa_mask[0]=11111111011111111101111111111110, sa_flags=SA_RESTART|SA_SIGINFO
SIGFPE: [libjvm.so+0xe24690], sa_mask[0]=11111111011111111101111111111110, sa_flags=SA_RESTART|SA_SIGINFO
SIGPIPE: [libjvm.so+0xb7a7f0], sa_mask[0]=11111111011111111101111111111110, sa_flags=SA_RESTART|SA_SIGINFO
SIGXFSZ: [libjvm.so+0xb7a7f0], sa_mask[0]=11111111011111111101111111111110, sa_flags=SA_RESTART|SA_SIGINFO
SIGILL: [libjvm.so+0xe24690], sa_mask[0]=11111111011111111101111111111110, sa_flags=SA_RESTART|SA_SIGINFO
SIGUSR2: [libjvm.so+0xb7a680], sa_mask[0]=00100000000000000000000000000000, sa_flags=SA_RESTART|SA_SIGINFO
SIGHUP: SIG_DFL, sa_mask[0]=00000000000000000000000000000000, sa_flags=none
SIGINT: SIG_DFL, sa_mask[0]=00000000000000000000000000000000, sa_flags=none
SIGTERM: SIG_DFL, sa_mask[0]=00000000000000000000000000000000, sa_flags=none
SIGQUIT: SIG_DFL, sa_mask[0]=00000000000000000000000000000000, sa_flags=none


---------------  S Y S T E M  ---------------

OS:DISTRIB_ID=Ubuntu
DISTRIB_RELEASE=18.04
DISTRIB_CODENAME=bionic
DISTRIB_DESCRIPTION="Ubuntu 18.04.5 LTS"
uname:Linux 4.15.0-166-generic #174-Ubuntu SMP Wed Dec 8 19:07:44 UTC 2021 x86_64
OS uptime: 1 days 12:36 hours
libc:glibc 2.27 NPTL 2.27 
rlimit (soft/hard): STACK 8192k/infinity , CORE 0k/infinity , NPROC 62374/62374 , NOFILE 4096/4096 , AS infinity/infinity , CPU infinity/infinity , DATA infinity/infinity , FSIZE infinity/infinity , MEMLOCK 65536k/65536k
load average:1.64 2.06 1.51

/proc/meminfo:
MemTotal:       16015032 kB
MemFree:          609800 kB
MemAvailable:    1219308 kB
Buffers:           10652 kB
Cached:           391152 kB
SwapCached:        31064 kB
Active:          8691100 kB
Inactive:        2151840 kB
Active(anon):    8512700 kB
Inactive(anon):  1539760 kB
Active(file):     178400 kB
Inactive(file):   612080 kB
Unevictable:         176 kB
Mlocked:             176 kB
SwapTotal:       2097148 kB
SwapFree:         314644 kB
Dirty:               680 kB
Writeback:             0 kB
AnonPages:      10411352 kB
Mapped:           281816 kB
Shmem:              6496 kB
Slab:             357504 kB
SReclaimable:     142368 kB
SUnreclaim:       215136 kB
KernelStack:       21904 kB
PageTables:        94424 kB
NFS_Unstable:          0 kB
Bounce:                0 kB
WritebackTmp:          0 kB
CommitLimit:    10104664 kB
Committed_AS:   19377940 kB
VmallocTotal:   34359738367 kB
VmallocUsed:           0 kB
VmallocChunk:          0 kB
HardwareCorrupted:     0 kB
AnonHugePages:    112640 kB
ShmemHugePages:        0 kB
ShmemPmdMapped:        0 kB
CmaTotal:              0 kB
CmaFree:               0 kB
HugePages_Total:       0
HugePages_Free:        0
HugePages_Rsvd:        0
HugePages_Surp:        0
Hugepagesize:       2048 kB
DirectMap4k:      560960 kB
DirectMap2M:    14774272 kB
DirectMap1G:     1048576 kB

/sys/kernel/mm/transparent_hugepage/enabled:
always [madvise] never
/sys/kernel/mm/transparent_hugepage/defrag (defrag/compaction efforts parameter):
always defer defer+madvise [madvise] never

Process Memory:
Virtual Size: 841116K (peak: 2913660K)
Resident Set Size: 13896K (peak: 13896K) (anon: 2056K, file: 11840K, shmem: 0K)
Swapped out: 0K
C-Heap outstanding allocations: 744K

/proc/sys/kernel/threads-max (system-wide limit on the number of threads):
124748
/proc/sys/vm/max_map_count (maximum number of memory map areas a process may have):
65530
/proc/sys/kernel/pid_max (system-wide limit on number of process identifiers):
131072

container (cgroup) information:
container_type: cgroupv1
cpu_cpuset_cpus: 0-7
cpu_memory_nodes: 0
active_processor_count: 8
cpu_quota: -1
cpu_period: 100000
cpu_shares: -1
memory_limit_in_bytes: -1
memory_and_swap_limit_in_bytes: -2
memory_soft_limit_in_bytes: -1
memory_usage_in_bytes: 9831522304
memory_max_usage_in_bytes: 10934349824

VMWare virtualization detected
Steal ticks since vm start: 0
Steal ticks percentage since vm start:  0.000

CPU:total 8 (initial active 8) (1 cores per cpu, 1 threads per core) family 6 model 142 stepping 10 microcode 0xca, cmov, cx8, fxsr, mmx, sse, sse2, sse3, ssse3, sse4.1, sse4.2, popcnt, avx, avx2, aes, clmul, erms, rtm, 3dnowpref, lzcnt, tsc, tscinvbit, bmi1, bmi2, adx, fma
CPU Model and flags from /proc/cpuinfo:
model name	: Intel(R) Core(TM) i7-8650U CPU @ 1.90GHz
flags		: fpu vme de pse tsc msr pae mce cx8 apic sep mtrr pge mca cmov pat pse36 clflush mmx fxsr sse sse2 ss syscall nx pdpe1gb rdtscp lm constant_tsc arch_perfmon nopl xtopology tsc_reliable nonstop_tsc cpuid pni pclmulqdq ssse3 fma cx16 pcid sse4_1 sse4_2 x2apic movbe popcnt tsc_deadline_timer aes xsave avx f16c rdrand hypervisor lahf_lm abm 3dnowprefetch cpuid_fault invpcid_single pti ssbd ibrs ibpb stibp fsgsbase tsc_adjust bmi1 hle avx2 smep bmi2 invpcid rtm mpx rdseed adx smap clflushopt xsaveopt xsavec xsaves arat flush_l1d arch_capabilities
Online cpus:
0-7
Offline cpus:
8-127
BIOS frequency limitation:
<Not Available>
Frequency switch latency (ns):
<Not Available>
Available cpu frequencies:
<Not Available>
Current governor:
<Not Available>
Core performance/turbo boost:
<Not Available>

Memory: 4k page, physical 16015032k(609800k free), swap 2097148k(314644k free)

vm_info: OpenJDK 64-Bit Server VM (11.0.13+8-Ubuntu-0ubuntu1.18.04) for linux-amd64 JRE (11.0.13+8-Ubuntu-0ubuntu1.18.04), built on Oct 29 2021 09:11:30 by "unknown" with gcc 8.4.0

END.
