#
# A fatal error has been detected by the Java Runtime Environment:
#
#  SIGSEGV (0xb) at pc=0x00007fd07df0c3d1, pid=39647, tid=39662
#
# JRE version: OpenJDK Runtime Environment (11.0.11+9) (build 11.0.11+9-Ubuntu-0ubuntu2.18.04)
# Java VM: OpenJDK 64-Bit Server VM (11.0.11+9-Ubuntu-0ubuntu2.18.04, mixed mode, sharing, tiered, compressed oops, g1 gc, linux-amd64)
# Problematic frame:
# C  [libjimage.so+0x23d1]
#
# Core dump will be written. Default location: Core dumps may be processed with "/usr/share/apport/apport %p %s %c %d %P %E" (or dumping to /home/stefanopenazzi/git/jtap/core.39647)
#
# If you would like to submit a bug report, please visit:
#   https://bugs.launchpad.net/ubuntu/+source/openjdk-lts
#

---------------  S U M M A R Y ------------

Command Line: -agentlib:jdwp=transport=dt_socket,suspend=y,address=localhost:46169 -ea -javaagent:/home/stefanopenazzi/eclipse/java-2021-03/eclipse/configuration/org.eclipse.osgi/216/0/.cp/lib/javaagent-shaded.jar -Dfile.encoding=UTF-8 org.eclipse.jdt.internal.junit.runner.RemoteTestRunner -version 3 -port 36227 -testLoaderClass org.eclipse.jdt.internal.junit5.runner.JUnit5TestLoader -loaderpluginname org.eclipse.jdt.junit5.runtime -test core.graph.routing.RoutingGraphTest:test

Host: Intel(R) Core(TM) i7-8650U CPU @ 1.90GHz, 8 cores, 15G, Ubuntu 18.04.5 LTS
Time: Wed Nov  3 09:28:16 2021 PDT elapsed time: 285.179767 seconds (0d 0h 4m 45s)

---------------  T H R E A D  ---------------

Current thread (0x00007fd078240800):  JavaThread "Signal Dispatcher" daemon [_thread_in_vm, id=39662, stack(0x00007fd033eff000,0x00007fd034000000)]

Stack: [0x00007fd033eff000,0x00007fd034000000],  sp=0x00007fd033ffd220,  free space=1016k
Native frames: (J=compiled Java code, A=aot compiled Java code, j=interpreted, Vv=VM code, C=native code)
C  [libjimage.so+0x23d1]
C  [libjimage.so+0x304a]
C  [libjimage.so+0x3515]  JIMAGE_FindResource+0xd5
V  [libjvm.so+0x596f2f]
V  [libjvm.so+0x5991cb]
V  [libjvm.so+0xd845ac]
V  [libjvm.so+0xd831d2]
V  [libjvm.so+0xd856e6]
V  [libjvm.so+0x6403ad]
V  [libjvm.so+0x824a4a]
j  jdk.internal.misc.Signal.dispatch(I)V+25 java.base@11.0.11
v  ~StubRoutines::call_stub
V  [libjvm.so+0x82db91]
V  [libjvm.so+0x82ca00]
V  [libjvm.so+0xb69441]
V  [libjvm.so+0xdba950]
V  [libjvm.so+0xdb67e9]
V  [libjvm.so+0xb7b34e]

Java frames: (J=compiled Java code, j=interpreted, Vv=VM code)
j  jdk.internal.misc.Signal.dispatch(I)V+25 java.base@11.0.11
v  ~StubRoutines::call_stub

siginfo: si_signo: 11 (SIGSEGV), si_code: 1 (SEGV_MAPERR), si_addr: 0x00007fd06f87e8e0

Register to memory mapping:

RAX=0x0000000000001a31 is an unknown value
RBX=0x00007fd033ffd2d1 is pointing into the stack for thread: 0x00007fd078240800
RCX=0x00007fd06f87801c is an unknown value
RDX=0x0000000000001a31 is an unknown value
RSP=0x00007fd033ffd220 is pointing into the stack for thread: 0x00007fd078240800
RBP=0x00007fd033ffd240 is pointing into the stack for thread: 0x00007fd078240800
RSI=0x00007fd033ffd2d0 is pointing into the stack for thread: 0x00007fd078240800
RDI=0x00007fd07e10f030: <offset 0x0000000000205030> in /usr/lib/jvm/java-11-openjdk-amd64/lib/libjimage.so at 0x00007fd07df0a000
R8 =0x0 is NULL
R9 =0x0000000076100fa4 is an unknown value
R10=0x00007fd033ffd2f3 is pointing into the stack for thread: 0x00007fd078240800
R11=0x00007fd080cba440: <offset 0x00000000001af440> in /lib/x86_64-linux-gnu/libc.so.6 at 0x00007fd080b0b000
R12=0x00007fd033ffd2d0 is pointing into the stack for thread: 0x00007fd078240800
R13=0x000000000000843b is an unknown value
R14=0x00007fd033ffe368 is pointing into the stack for thread: 0x00007fd078240800
R15=0x00007fd078241390 points into unknown readable memory: 0x65746e692f6b646a | 6a 64 6b 2f 69 6e 74 65


Registers:
RAX=0x0000000000001a31, RBX=0x00007fd033ffd2d1, RCX=0x00007fd06f87801c, RDX=0x0000000000001a31
RSP=0x00007fd033ffd220, RBP=0x00007fd033ffd240, RSI=0x00007fd033ffd2d0, RDI=0x00007fd07e10f030
R8 =0x0000000000000000, R9 =0x0000000076100fa4, R10=0x00007fd033ffd2f3, R11=0x00007fd080cba440
R12=0x00007fd033ffd2d0, R13=0x000000000000843b, R14=0x00007fd033ffe368, R15=0x00007fd078241390
RIP=0x00007fd07df0c3d1, EFLAGS=0x0000000000010246, CSGSFS=0x002b000000000033, ERR=0x0000000000000004
  TRAPNO=0x000000000000000e

Top of Stack: (sp=0x00007fd033ffd220)
0x00007fd033ffd220:   0000000000000000 00007fd078009f90
0x00007fd033ffd230:   0000000000000000 00007fd033ffd2d0
0x00007fd033ffd240:   00007fd033ffd2b0 00007fd07df0d04a
0x00007fd033ffd250:   0000000000000000 0000000000000000 

Instructions: (pc=0x00007fd07df0c3d1)
0x00007fd07df0c2d1:   48 89 df 48 89 4d 88 e8 53 f3 ff ff 48 8b 4d 88
0x00007fd07df0c2e1:   44 03 6d 90 e9 42 fd ff ff 66 0f 1f 44 00 00 8b
0x00007fd07df0c2f1:   08 41 89 0e 44 89 c1 8b 74 08 fc 41 89 74 0e fc
0x00007fd07df0c301:   e9 d8 fe ff ff 66 2e 0f 1f 84 00 00 00 00 00 b9
0x00007fd07df0c311:   0a 00 00 00 e9 95 fd ff ff 44 89 c1 0f b7 74 08
0x00007fd07df0c321:   fe 66 41 89 74 0e fe e9 b1 fe ff ff 0f 1f 00 0f
0x00007fd07df0c331:   b6 17 89 f1 4c 8d 47 01 84 d2 74 1a 0f 1f 00 69
0x00007fd07df0c341:   c9 93 01 00 01 49 83 c0 01 31 d1 41 0f b6 50 ff
0x00007fd07df0c351:   84 d2 75 eb 89 ce 89 f0 25 ff ff ff 7f c3 90 48
0x00007fd07df0c361:   85 d2 0f 84 e1 00 00 00 85 c9 0f 84 d9 00 00 00
0x00007fd07df0c371:   55 48 89 e5 41 55 41 54 53 48 8d 5e 01 48 83 ec
0x00007fd07df0c381:   08 44 0f b6 06 45 84 c0 0f 84 b1 00 00 00 49 89
0x00007fd07df0c391:   da b8 93 01 00 01 66 0f 1f 84 00 00 00 00 00 44
0x00007fd07df0c3a1:   69 c8 93 01 00 01 49 83 c2 01 41 0f b6 c0 45 0f
0x00007fd07df0c3b1:   b6 42 ff 44 31 c8 45 84 c0 75 e4 25 ff ff ff 7f
0x00007fd07df0c3c1:   41 89 cd 48 89 d1 31 d2 49 89 f4 41 f7 f5 89 d0
0x00007fd07df0c3d1:   8b 34 81 48 8b 07 ff 50 20 85 c0 7f 22 ba ff ff
0x00007fd07df0c3e1:   ff ff 74 04 f7 d0 89 c2 48 83 c4 08 89 d0 5b 41
0x00007fd07df0c3f1:   5c 41 5d 5d c3 66 2e 0f 1f 84 00 00 00 00 00 41
0x00007fd07df0c401:   0f b6 34 24 89 c7 40 84 f6 74 1b 0f 1f 40 00 69
0x00007fd07df0c411:   ff 93 01 00 01 48 83 c3 01 31 f7 0f b6 73 ff 40
0x00007fd07df0c421:   84 f6 75 eb 89 f8 25 ff ff ff 7f 31 d2 48 83 c4
0x00007fd07df0c431:   08 41 f7 f5 5b 41 5c 41 5d 5d 89 d0 c3 66 90 b8
0x00007fd07df0c441:   93 01 00 01 e9 77 ff ff ff 83 ca ff 89 d0 c3 0f
0x00007fd07df0c451:   b6 17 48 89 f8 84 d2 75 19 eb 1e 0f 1f 40 00 38
0x00007fd07df0c461:   ca 75 1c 48 83 c0 01 0f b6 10 48 83 c6 01 84 d2
0x00007fd07df0c471:   74 15 0f b6 0e 84 c9 75 e6 c3 0f 1f 44 00 00 31
0x00007fd07df0c481:   c0 c3 0f 1f 44 00 00 c3 90 66 0f 1f 44 00 00 48
0x00007fd07df0c491:   85 f6 74 5a 0f b6 06 84 c0 74 54 0f 1f 40 00 0f
0x00007fd07df0c4a1:   b6 d0 83 e0 07 c1 fa 03 44 8d 50 01 0f b6 c0 41
0x00007fd07df0c4b1:   89 d1 4c 8d 44 06 02 48 8d 56 01 31 c0 66 90 0f
0x00007fd07df0c4c1:   b6 0a 48 c1 e0 08 48 83 c2 01 48 09 c8 49 39 d0 


Stack slot to memory mapping:
stack at sp + 0 slots: 0x0 is NULL
stack at sp + 1 slots: 0x00007fd078009f90 points into unknown readable memory: 0x00007fd0180058a0 | a0 58 00 18 d0 7f 00 00
stack at sp + 2 slots: 0x0 is NULL
stack at sp + 3 slots: 0x00007fd033ffd2d0 is pointing into the stack for thread: 0x00007fd078240800
stack at sp + 4 slots: 0x00007fd033ffd2b0 is pointing into the stack for thread: 0x00007fd078240800
stack at sp + 5 slots: 0x00007fd07df0d04a: <offset 0x000000000000304a> in /usr/lib/jvm/java-11-openjdk-amd64/lib/libjimage.so at 0x00007fd07df0a000
stack at sp + 6 slots: 0x0 is NULL
stack at sp + 7 slots: 0x0 is NULL


---------------  P R O C E S S  ---------------

Threads class SMR info:
_java_thread_list=0x00007fd010004b40, length=12, elements={
0x00007fd07801e800, 0x00007fd078239000, 0x00007fd07823b000, 0x00007fd078240800,
0x00007fd078242800, 0x00007fd078245000, 0x00007fd078247000, 0x00007fd078249000,
0x00007fd078277000, 0x00007fd0782c5800, 0x00007fd0782ca000, 0x00007fd078c5b800
}

Java Threads: ( => current thread )
  0x00007fd07801e800 JavaThread "main" [_thread_blocked, id=39653, stack(0x00007fd081210000,0x00007fd081311000)]
  0x00007fd078239000 JavaThread "Reference Handler" daemon [_thread_blocked, id=39660, stack(0x00007fd05047d000,0x00007fd05057e000)]
  0x00007fd07823b000 JavaThread "Finalizer" daemon [_thread_blocked, id=39661, stack(0x00007fd05037c000,0x00007fd05047d000)]
=>0x00007fd078240800 JavaThread "Signal Dispatcher" daemon [_thread_in_vm, id=39662, stack(0x00007fd033eff000,0x00007fd034000000)]
  0x00007fd078242800 JavaThread "Service Thread" daemon [_thread_blocked, id=39663, stack(0x00007fd033dfe000,0x00007fd033eff000)]
  0x00007fd078245000 JavaThread "C2 CompilerThread0" daemon [_thread_blocked, id=39664, stack(0x00007fd033cfd000,0x00007fd033dfe000)]
  0x00007fd078247000 JavaThread "C1 CompilerThread0" daemon [_thread_blocked, id=39665, stack(0x00007fd033bfc000,0x00007fd033cfd000)]
  0x00007fd078249000 JavaThread "Sweeper thread" daemon [_thread_blocked, id=39666, stack(0x00007fd033afb000,0x00007fd033bfc000)]
  0x00007fd078277000 JavaThread "Common-Cleaner" daemon [_thread_blocked, id=39669, stack(0x00007fd0339fa000,0x00007fd033afb000)]
  0x00007fd0782c5800 JavaThread "JDWP Transport Listener: dt_socket" daemon [_thread_in_native, id=39671, stack(0x00007fd0336f3000,0x00007fd0337f4000)]
  0x00007fd0782ca000 JavaThread "JDWP Event Helper Thread" daemon [_thread_blocked, id=39673, stack(0x00007fd0335f2000,0x00007fd0336f3000)]
  0x00007fd078c5b800 JavaThread "ReaderThread" [_thread_in_native, id=39687, stack(0x00007fd03258b000,0x00007fd03268c000)]

Other Threads:
  0x00007fd078236000 VMThread "VM Thread" [stack: 0x00007fd050580000,0x00007fd050680000] [id=39659]
  0x00007fd078bf7800 WatcherThread [stack: 0x00007fd032891000,0x00007fd032991000] [id=39686]
  0x00007fd078037000 GCTaskThread "GC Thread#0" [stack: 0x00007fd07cda2000,0x00007fd07cea2000] [id=39654]
  0x00007fd040001000 GCTaskThread "GC Thread#1" [stack: 0x00007fd032c99000,0x00007fd032d99000] [id=39682]
  0x00007fd040002800 GCTaskThread "GC Thread#2" [stack: 0x00007fd032b97000,0x00007fd032c97000] [id=39683]
  0x00007fd040004000 GCTaskThread "GC Thread#3" [stack: 0x00007fd032a95000,0x00007fd032b95000] [id=39684]
  0x00007fd040005800 GCTaskThread "GC Thread#4" [stack: 0x00007fd032993000,0x00007fd032a93000] [id=39685]
  0x00007fd078093800 ConcurrentGCThread "G1 Main Marker" [stack: 0x00007fd07c39b000,0x00007fd07c49b000] [id=39655]
  0x00007fd078095800 ConcurrentGCThread "G1 Conc#0" [stack: 0x00007fd07c299000,0x00007fd07c399000] [id=39656]
  0x00007fd078191800 ConcurrentGCThread "G1 Refine#0" [stack: 0x00007fd050f84000,0x00007fd051084000] [id=39657]
  0x00007fd078193800 ConcurrentGCThread "G1 Young RemSet Sampling" [stack: 0x00007fd050e82000,0x00007fd050f82000] [id=39658]

Threads with active compile tasks:

VM state:not at safepoint (normal execution)

VM Mutex/Monitor currently owned by a thread: None

Heap address: 0x000000070ba00000, size: 3910 MB, Compressed Oops mode: Zero based, Oop shift amount: 3
Narrow klass base: 0x0000000800000000, Narrow klass shift: 3
Compressed class space size: 1073741824 Address: 0x0000000840000000

Heap:
 garbage-first heap   total 253952K, used 21727K [0x000000070ba00000, 0x0000000800000000)
  region size 1024K, 11 young (11264K), 3 survivors (3072K)
 Metaspace       used 14241K, capacity 14829K, committed 15104K, reserved 1062912K
  class space    used 1810K, capacity 2025K, committed 2048K, reserved 1048576K
Heap Regions: E=young(eden), S=young(survivor), O=old, HS=humongous(starts), HC=humongous(continues), CS=collection set, F=free, A=archive, TAMS=top-at-mark-start (previous, next)
|   0|0x000000070ba00000, 0x000000070bb00000, 0x000000070bb00000|100%| O|  |TAMS 0x000000070ba00000, 0x000000070ba00000| Untracked 
|   1|0x000000070bb00000, 0x000000070bc00000, 0x000000070bc00000|100%| O|  |TAMS 0x000000070bb00000, 0x000000070bb00000| Untracked 
|   2|0x000000070bc00000, 0x000000070bd00000, 0x000000070bd00000|100%| O|  |TAMS 0x000000070bc00000, 0x000000070bc00000| Untracked 
|   3|0x000000070bd00000, 0x000000070be00000, 0x000000070be00000|100%| O|  |TAMS 0x000000070bd00000, 0x000000070bd00000| Untracked 
|   4|0x000000070be00000, 0x000000070bf00000, 0x000000070bf00000|100%| O|  |TAMS 0x000000070be00000, 0x000000070be00000| Untracked 
|   5|0x000000070bf00000, 0x000000070c000000, 0x000000070c000000|100%| O|  |TAMS 0x000000070bf00000, 0x000000070bf00000| Untracked 
|   6|0x000000070c000000, 0x000000070c100000, 0x000000070c100000|100%| O|  |TAMS 0x000000070c000000, 0x000000070c000000| Untracked 
|   7|0x000000070c100000, 0x000000070c200000, 0x000000070c200000|100%| O|  |TAMS 0x000000070c100000, 0x000000070c100000| Untracked 
|   8|0x000000070c200000, 0x000000070c300000, 0x000000070c300000|100%| O|  |TAMS 0x000000070c200000, 0x000000070c200000| Untracked 
|   9|0x000000070c300000, 0x000000070c400000, 0x000000070c400000|100%| O|  |TAMS 0x000000070c300000, 0x000000070c300000| Untracked 
|  10|0x000000070c400000, 0x000000070c4b7600, 0x000000070c500000| 71%| O|  |TAMS 0x000000070c400000, 0x000000070c400000| Untracked 
|  11|0x000000070c500000, 0x000000070c500000, 0x000000070c600000|  0%| F|  |TAMS 0x000000070c500000, 0x000000070c500000| Untracked 
|  12|0x000000070c600000, 0x000000070c600000, 0x000000070c700000|  0%| F|  |TAMS 0x000000070c600000, 0x000000070c600000| Untracked 
|  13|0x000000070c700000, 0x000000070c700000, 0x000000070c800000|  0%| F|  |TAMS 0x000000070c700000, 0x000000070c700000| Untracked 
|  14|0x000000070c800000, 0x000000070c800000, 0x000000070c900000|  0%| F|  |TAMS 0x000000070c800000, 0x000000070c800000| Untracked 
|  15|0x000000070c900000, 0x000000070c900000, 0x000000070ca00000|  0%| F|  |TAMS 0x000000070c900000, 0x000000070c900000| Untracked 
|  16|0x000000070ca00000, 0x000000070ca00000, 0x000000070cb00000|  0%| F|  |TAMS 0x000000070ca00000, 0x000000070ca00000| Untracked 
|  17|0x000000070cb00000, 0x000000070cb00000, 0x000000070cc00000|  0%| F|  |TAMS 0x000000070cb00000, 0x000000070cb00000| Untracked 
|  18|0x000000070cc00000, 0x000000070cc00000, 0x000000070cd00000|  0%| F|  |TAMS 0x000000070cc00000, 0x000000070cc00000| Untracked 
|  19|0x000000070cd00000, 0x000000070cd00000, 0x000000070ce00000|  0%| F|  |TAMS 0x000000070cd00000, 0x000000070cd00000| Untracked 
|  20|0x000000070ce00000, 0x000000070ce00000, 0x000000070cf00000|  0%| F|  |TAMS 0x000000070ce00000, 0x000000070ce00000| Untracked 
|  21|0x000000070cf00000, 0x000000070cf00000, 0x000000070d000000|  0%| F|  |TAMS 0x000000070cf00000, 0x000000070cf00000| Untracked 
|  22|0x000000070d000000, 0x000000070d000000, 0x000000070d100000|  0%| F|  |TAMS 0x000000070d000000, 0x000000070d000000| Untracked 
|  23|0x000000070d100000, 0x000000070d100000, 0x000000070d200000|  0%| F|  |TAMS 0x000000070d100000, 0x000000070d100000| Untracked 
|  24|0x000000070d200000, 0x000000070d200000, 0x000000070d300000|  0%| F|  |TAMS 0x000000070d200000, 0x000000070d200000| Untracked 
|  25|0x000000070d300000, 0x000000070d300000, 0x000000070d400000|  0%| F|  |TAMS 0x000000070d300000, 0x000000070d300000| Untracked 
|  26|0x000000070d400000, 0x000000070d400000, 0x000000070d500000|  0%| F|  |TAMS 0x000000070d400000, 0x000000070d400000| Untracked 
|  27|0x000000070d500000, 0x000000070d500000, 0x000000070d600000|  0%| F|  |TAMS 0x000000070d500000, 0x000000070d500000| Untracked 
|  28|0x000000070d600000, 0x000000070d600000, 0x000000070d700000|  0%| F|  |TAMS 0x000000070d600000, 0x000000070d600000| Untracked 
|  29|0x000000070d700000, 0x000000070d700000, 0x000000070d800000|  0%| F|  |TAMS 0x000000070d700000, 0x000000070d700000| Untracked 
|  30|0x000000070d800000, 0x000000070d800000, 0x000000070d900000|  0%| F|  |TAMS 0x000000070d800000, 0x000000070d800000| Untracked 
|  31|0x000000070d900000, 0x000000070d900000, 0x000000070da00000|  0%| F|  |TAMS 0x000000070d900000, 0x000000070d900000| Untracked 
|  32|0x000000070da00000, 0x000000070da00000, 0x000000070db00000|  0%| F|  |TAMS 0x000000070da00000, 0x000000070da00000| Untracked 
|  33|0x000000070db00000, 0x000000070db00000, 0x000000070dc00000|  0%| F|  |TAMS 0x000000070db00000, 0x000000070db00000| Untracked 
|  34|0x000000070dc00000, 0x000000070dc00000, 0x000000070dd00000|  0%| F|  |TAMS 0x000000070dc00000, 0x000000070dc00000| Untracked 
|  35|0x000000070dd00000, 0x000000070dd00000, 0x000000070de00000|  0%| F|  |TAMS 0x000000070dd00000, 0x000000070dd00000| Untracked 
|  36|0x000000070de00000, 0x000000070de00000, 0x000000070df00000|  0%| F|  |TAMS 0x000000070de00000, 0x000000070de00000| Untracked 
|  37|0x000000070df00000, 0x000000070df00000, 0x000000070e000000|  0%| F|  |TAMS 0x000000070df00000, 0x000000070df00000| Untracked 
|  38|0x000000070e000000, 0x000000070e000000, 0x000000070e100000|  0%| F|  |TAMS 0x000000070e000000, 0x000000070e000000| Untracked 
|  39|0x000000070e100000, 0x000000070e100000, 0x000000070e200000|  0%| F|  |TAMS 0x000000070e100000, 0x000000070e100000| Untracked 
|  40|0x000000070e200000, 0x000000070e200000, 0x000000070e300000|  0%| F|  |TAMS 0x000000070e200000, 0x000000070e200000| Untracked 
|  41|0x000000070e300000, 0x000000070e300000, 0x000000070e400000|  0%| F|  |TAMS 0x000000070e300000, 0x000000070e300000| Untracked 
|  42|0x000000070e400000, 0x000000070e400000, 0x000000070e500000|  0%| F|  |TAMS 0x000000070e400000, 0x000000070e400000| Untracked 
|  43|0x000000070e500000, 0x000000070e500000, 0x000000070e600000|  0%| F|  |TAMS 0x000000070e500000, 0x000000070e500000| Untracked 
|  44|0x000000070e600000, 0x000000070e600000, 0x000000070e700000|  0%| F|  |TAMS 0x000000070e600000, 0x000000070e600000| Untracked 
|  45|0x000000070e700000, 0x000000070e700000, 0x000000070e800000|  0%| F|  |TAMS 0x000000070e700000, 0x000000070e700000| Untracked 
|  46|0x000000070e800000, 0x000000070e800000, 0x000000070e900000|  0%| F|  |TAMS 0x000000070e800000, 0x000000070e800000| Untracked 
|  47|0x000000070e900000, 0x000000070e900000, 0x000000070ea00000|  0%| F|  |TAMS 0x000000070e900000, 0x000000070e900000| Untracked 
|  48|0x000000070ea00000, 0x000000070ea00000, 0x000000070eb00000|  0%| F|  |TAMS 0x000000070ea00000, 0x000000070ea00000| Untracked 
|  49|0x000000070eb00000, 0x000000070eb00000, 0x000000070ec00000|  0%| F|  |TAMS 0x000000070eb00000, 0x000000070eb00000| Untracked 
|  50|0x000000070ec00000, 0x000000070ec00000, 0x000000070ed00000|  0%| F|  |TAMS 0x000000070ec00000, 0x000000070ec00000| Untracked 
|  51|0x000000070ed00000, 0x000000070ed00000, 0x000000070ee00000|  0%| F|  |TAMS 0x000000070ed00000, 0x000000070ed00000| Untracked 
|  52|0x000000070ee00000, 0x000000070ee00000, 0x000000070ef00000|  0%| F|  |TAMS 0x000000070ee00000, 0x000000070ee00000| Untracked 
|  53|0x000000070ef00000, 0x000000070ef00000, 0x000000070f000000|  0%| F|  |TAMS 0x000000070ef00000, 0x000000070ef00000| Untracked 
|  54|0x000000070f000000, 0x000000070f000000, 0x000000070f100000|  0%| F|  |TAMS 0x000000070f000000, 0x000000070f000000| Untracked 
|  55|0x000000070f100000, 0x000000070f100000, 0x000000070f200000|  0%| F|  |TAMS 0x000000070f100000, 0x000000070f100000| Untracked 
|  56|0x000000070f200000, 0x000000070f200000, 0x000000070f300000|  0%| F|  |TAMS 0x000000070f200000, 0x000000070f200000| Untracked 
|  57|0x000000070f300000, 0x000000070f300000, 0x000000070f400000|  0%| F|  |TAMS 0x000000070f300000, 0x000000070f300000| Untracked 
|  58|0x000000070f400000, 0x000000070f400000, 0x000000070f500000|  0%| F|  |TAMS 0x000000070f400000, 0x000000070f400000| Untracked 
|  59|0x000000070f500000, 0x000000070f500000, 0x000000070f600000|  0%| F|  |TAMS 0x000000070f500000, 0x000000070f500000| Untracked 
|  60|0x000000070f600000, 0x000000070f600000, 0x000000070f700000|  0%| F|  |TAMS 0x000000070f600000, 0x000000070f600000| Untracked 
|  61|0x000000070f700000, 0x000000070f700000, 0x000000070f800000|  0%| F|  |TAMS 0x000000070f700000, 0x000000070f700000| Untracked 
|  62|0x000000070f800000, 0x000000070f800000, 0x000000070f900000|  0%| F|  |TAMS 0x000000070f800000, 0x000000070f800000| Untracked 
|  63|0x000000070f900000, 0x000000070f900000, 0x000000070fa00000|  0%| F|  |TAMS 0x000000070f900000, 0x000000070f900000| Untracked 
|  64|0x000000070fa00000, 0x000000070fa00000, 0x000000070fb00000|  0%| F|  |TAMS 0x000000070fa00000, 0x000000070fa00000| Untracked 
|  65|0x000000070fb00000, 0x000000070fb00000, 0x000000070fc00000|  0%| F|  |TAMS 0x000000070fb00000, 0x000000070fb00000| Untracked 
|  66|0x000000070fc00000, 0x000000070fc00000, 0x000000070fd00000|  0%| F|  |TAMS 0x000000070fc00000, 0x000000070fc00000| Untracked 
|  67|0x000000070fd00000, 0x000000070fd00000, 0x000000070fe00000|  0%| F|  |TAMS 0x000000070fd00000, 0x000000070fd00000| Untracked 
|  68|0x000000070fe00000, 0x000000070fe00000, 0x000000070ff00000|  0%| F|  |TAMS 0x000000070fe00000, 0x000000070fe00000| Untracked 
|  69|0x000000070ff00000, 0x000000070ff00000, 0x0000000710000000|  0%| F|  |TAMS 0x000000070ff00000, 0x000000070ff00000| Untracked 
|  70|0x0000000710000000, 0x0000000710000000, 0x0000000710100000|  0%| F|  |TAMS 0x0000000710000000, 0x0000000710000000| Untracked 
|  71|0x0000000710100000, 0x0000000710100000, 0x0000000710200000|  0%| F|  |TAMS 0x0000000710100000, 0x0000000710100000| Untracked 
|  72|0x0000000710200000, 0x0000000710200000, 0x0000000710300000|  0%| F|  |TAMS 0x0000000710200000, 0x0000000710200000| Untracked 
|  73|0x0000000710300000, 0x0000000710300000, 0x0000000710400000|  0%| F|  |TAMS 0x0000000710300000, 0x0000000710300000| Untracked 
|  74|0x0000000710400000, 0x0000000710400000, 0x0000000710500000|  0%| F|  |TAMS 0x0000000710400000, 0x0000000710400000| Untracked 
|  75|0x0000000710500000, 0x0000000710500000, 0x0000000710600000|  0%| F|  |TAMS 0x0000000710500000, 0x0000000710500000| Untracked 
|  76|0x0000000710600000, 0x0000000710600000, 0x0000000710700000|  0%| F|  |TAMS 0x0000000710600000, 0x0000000710600000| Untracked 
|  77|0x0000000710700000, 0x0000000710700000, 0x0000000710800000|  0%| F|  |TAMS 0x0000000710700000, 0x0000000710700000| Untracked 
|  78|0x0000000710800000, 0x0000000710800000, 0x0000000710900000|  0%| F|  |TAMS 0x0000000710800000, 0x0000000710800000| Untracked 
|  79|0x0000000710900000, 0x0000000710900000, 0x0000000710a00000|  0%| F|  |TAMS 0x0000000710900000, 0x0000000710900000| Untracked 
|  80|0x0000000710a00000, 0x0000000710a00000, 0x0000000710b00000|  0%| F|  |TAMS 0x0000000710a00000, 0x0000000710a00000| Untracked 
|  81|0x0000000710b00000, 0x0000000710b00000, 0x0000000710c00000|  0%| F|  |TAMS 0x0000000710b00000, 0x0000000710b00000| Untracked 
|  82|0x0000000710c00000, 0x0000000710c00000, 0x0000000710d00000|  0%| F|  |TAMS 0x0000000710c00000, 0x0000000710c00000| Untracked 
|  83|0x0000000710d00000, 0x0000000710d00000, 0x0000000710e00000|  0%| F|  |TAMS 0x0000000710d00000, 0x0000000710d00000| Untracked 
|  84|0x0000000710e00000, 0x0000000710e00000, 0x0000000710f00000|  0%| F|  |TAMS 0x0000000710e00000, 0x0000000710e00000| Untracked 
|  85|0x0000000710f00000, 0x0000000710f00000, 0x0000000711000000|  0%| F|  |TAMS 0x0000000710f00000, 0x0000000710f00000| Untracked 
|  86|0x0000000711000000, 0x0000000711000000, 0x0000000711100000|  0%| F|  |TAMS 0x0000000711000000, 0x0000000711000000| Untracked 
|  87|0x0000000711100000, 0x0000000711100000, 0x0000000711200000|  0%| F|  |TAMS 0x0000000711100000, 0x0000000711100000| Untracked 
|  88|0x0000000711200000, 0x0000000711200000, 0x0000000711300000|  0%| F|  |TAMS 0x0000000711200000, 0x0000000711200000| Untracked 
|  89|0x0000000711300000, 0x0000000711300000, 0x0000000711400000|  0%| F|  |TAMS 0x0000000711300000, 0x0000000711300000| Untracked 
|  90|0x0000000711400000, 0x0000000711400000, 0x0000000711500000|  0%| F|  |TAMS 0x0000000711400000, 0x0000000711400000| Untracked 
|  91|0x0000000711500000, 0x0000000711500000, 0x0000000711600000|  0%| F|  |TAMS 0x0000000711500000, 0x0000000711500000| Untracked 
|  92|0x0000000711600000, 0x0000000711600000, 0x0000000711700000|  0%| F|  |TAMS 0x0000000711600000, 0x0000000711600000| Untracked 
|  93|0x0000000711700000, 0x0000000711700000, 0x0000000711800000|  0%| F|  |TAMS 0x0000000711700000, 0x0000000711700000| Untracked 
|  94|0x0000000711800000, 0x0000000711800000, 0x0000000711900000|  0%| F|  |TAMS 0x0000000711800000, 0x0000000711800000| Untracked 
|  95|0x0000000711900000, 0x0000000711900000, 0x0000000711a00000|  0%| F|  |TAMS 0x0000000711900000, 0x0000000711900000| Untracked 
|  96|0x0000000711a00000, 0x0000000711a00000, 0x0000000711b00000|  0%| F|  |TAMS 0x0000000711a00000, 0x0000000711a00000| Untracked 
|  97|0x0000000711b00000, 0x0000000711b00000, 0x0000000711c00000|  0%| F|  |TAMS 0x0000000711b00000, 0x0000000711b00000| Untracked 
|  98|0x0000000711c00000, 0x0000000711c00000, 0x0000000711d00000|  0%| F|  |TAMS 0x0000000711c00000, 0x0000000711c00000| Untracked 
|  99|0x0000000711d00000, 0x0000000711d00000, 0x0000000711e00000|  0%| F|  |TAMS 0x0000000711d00000, 0x0000000711d00000| Untracked 
| 100|0x0000000711e00000, 0x0000000711e00000, 0x0000000711f00000|  0%| F|  |TAMS 0x0000000711e00000, 0x0000000711e00000| Untracked 
| 101|0x0000000711f00000, 0x0000000711f00000, 0x0000000712000000|  0%| F|  |TAMS 0x0000000711f00000, 0x0000000711f00000| Untracked 
| 102|0x0000000712000000, 0x0000000712000000, 0x0000000712100000|  0%| F|  |TAMS 0x0000000712000000, 0x0000000712000000| Untracked 
| 103|0x0000000712100000, 0x0000000712100000, 0x0000000712200000|  0%| F|  |TAMS 0x0000000712100000, 0x0000000712100000| Untracked 
| 104|0x0000000712200000, 0x0000000712200000, 0x0000000712300000|  0%| F|  |TAMS 0x0000000712200000, 0x0000000712200000| Untracked 
| 105|0x0000000712300000, 0x0000000712300000, 0x0000000712400000|  0%| F|  |TAMS 0x0000000712300000, 0x0000000712300000| Untracked 
| 106|0x0000000712400000, 0x0000000712400000, 0x0000000712500000|  0%| F|  |TAMS 0x0000000712400000, 0x0000000712400000| Untracked 
| 107|0x0000000712500000, 0x0000000712500000, 0x0000000712600000|  0%| F|  |TAMS 0x0000000712500000, 0x0000000712500000| Untracked 
| 108|0x0000000712600000, 0x0000000712600000, 0x0000000712700000|  0%| F|  |TAMS 0x0000000712600000, 0x0000000712600000| Untracked 
| 109|0x0000000712700000, 0x0000000712700000, 0x0000000712800000|  0%| F|  |TAMS 0x0000000712700000, 0x0000000712700000| Untracked 
| 110|0x0000000712800000, 0x0000000712800000, 0x0000000712900000|  0%| F|  |TAMS 0x0000000712800000, 0x0000000712800000| Untracked 
| 111|0x0000000712900000, 0x0000000712900000, 0x0000000712a00000|  0%| F|  |TAMS 0x0000000712900000, 0x0000000712900000| Untracked 
| 112|0x0000000712a00000, 0x0000000712a00000, 0x0000000712b00000|  0%| F|  |TAMS 0x0000000712a00000, 0x0000000712a00000| Untracked 
| 113|0x0000000712b00000, 0x0000000712b00000, 0x0000000712c00000|  0%| F|  |TAMS 0x0000000712b00000, 0x0000000712b00000| Untracked 
| 114|0x0000000712c00000, 0x0000000712c00000, 0x0000000712d00000|  0%| F|  |TAMS 0x0000000712c00000, 0x0000000712c00000| Untracked 
| 115|0x0000000712d00000, 0x0000000712d00000, 0x0000000712e00000|  0%| F|  |TAMS 0x0000000712d00000, 0x0000000712d00000| Untracked 
| 116|0x0000000712e00000, 0x0000000712e00000, 0x0000000712f00000|  0%| F|  |TAMS 0x0000000712e00000, 0x0000000712e00000| Untracked 
| 117|0x0000000712f00000, 0x0000000712f00000, 0x0000000713000000|  0%| F|  |TAMS 0x0000000712f00000, 0x0000000712f00000| Untracked 
| 118|0x0000000713000000, 0x0000000713000000, 0x0000000713100000|  0%| F|  |TAMS 0x0000000713000000, 0x0000000713000000| Untracked 
| 119|0x0000000713100000, 0x0000000713100000, 0x0000000713200000|  0%| F|  |TAMS 0x0000000713100000, 0x0000000713100000| Untracked 
| 120|0x0000000713200000, 0x0000000713200000, 0x0000000713300000|  0%| F|  |TAMS 0x0000000713200000, 0x0000000713200000| Untracked 
| 121|0x0000000713300000, 0x0000000713300000, 0x0000000713400000|  0%| F|  |TAMS 0x0000000713300000, 0x0000000713300000| Untracked 
| 122|0x0000000713400000, 0x0000000713400000, 0x0000000713500000|  0%| F|  |TAMS 0x0000000713400000, 0x0000000713400000| Untracked 
| 123|0x0000000713500000, 0x0000000713500000, 0x0000000713600000|  0%| F|  |TAMS 0x0000000713500000, 0x0000000713500000| Untracked 
| 124|0x0000000713600000, 0x0000000713600000, 0x0000000713700000|  0%| F|  |TAMS 0x0000000713600000, 0x0000000713600000| Untracked 
| 125|0x0000000713700000, 0x0000000713700000, 0x0000000713800000|  0%| F|  |TAMS 0x0000000713700000, 0x0000000713700000| Untracked 
| 126|0x0000000713800000, 0x0000000713800000, 0x0000000713900000|  0%| F|  |TAMS 0x0000000713800000, 0x0000000713800000| Untracked 
| 127|0x0000000713900000, 0x0000000713900000, 0x0000000713a00000|  0%| F|  |TAMS 0x0000000713900000, 0x0000000713900000| Untracked 
| 128|0x0000000713a00000, 0x0000000713a00000, 0x0000000713b00000|  0%| F|  |TAMS 0x0000000713a00000, 0x0000000713a00000| Untracked 
| 129|0x0000000713b00000, 0x0000000713b00000, 0x0000000713c00000|  0%| F|  |TAMS 0x0000000713b00000, 0x0000000713b00000| Untracked 
| 130|0x0000000713c00000, 0x0000000713c00000, 0x0000000713d00000|  0%| F|  |TAMS 0x0000000713c00000, 0x0000000713c00000| Untracked 
| 131|0x0000000713d00000, 0x0000000713d00000, 0x0000000713e00000|  0%| F|  |TAMS 0x0000000713d00000, 0x0000000713d00000| Untracked 
| 132|0x0000000713e00000, 0x0000000713e00000, 0x0000000713f00000|  0%| F|  |TAMS 0x0000000713e00000, 0x0000000713e00000| Untracked 
| 133|0x0000000713f00000, 0x0000000713f00000, 0x0000000714000000|  0%| F|  |TAMS 0x0000000713f00000, 0x0000000713f00000| Untracked 
| 134|0x0000000714000000, 0x0000000714000000, 0x0000000714100000|  0%| F|  |TAMS 0x0000000714000000, 0x0000000714000000| Untracked 
| 135|0x0000000714100000, 0x0000000714100000, 0x0000000714200000|  0%| F|  |TAMS 0x0000000714100000, 0x0000000714100000| Untracked 
| 136|0x0000000714200000, 0x0000000714200000, 0x0000000714300000|  0%| F|  |TAMS 0x0000000714200000, 0x0000000714200000| Untracked 
| 137|0x0000000714300000, 0x0000000714300000, 0x0000000714400000|  0%| F|  |TAMS 0x0000000714300000, 0x0000000714300000| Untracked 
| 138|0x0000000714400000, 0x0000000714400000, 0x0000000714500000|  0%| F|  |TAMS 0x0000000714400000, 0x0000000714400000| Untracked 
| 139|0x0000000714500000, 0x0000000714500000, 0x0000000714600000|  0%| F|  |TAMS 0x0000000714500000, 0x0000000714500000| Untracked 
| 140|0x0000000714600000, 0x0000000714600000, 0x0000000714700000|  0%| F|  |TAMS 0x0000000714600000, 0x0000000714600000| Untracked 
| 141|0x0000000714700000, 0x0000000714700000, 0x0000000714800000|  0%| F|  |TAMS 0x0000000714700000, 0x0000000714700000| Untracked 
| 142|0x0000000714800000, 0x0000000714800000, 0x0000000714900000|  0%| F|  |TAMS 0x0000000714800000, 0x0000000714800000| Untracked 
| 143|0x0000000714900000, 0x0000000714900000, 0x0000000714a00000|  0%| F|  |TAMS 0x0000000714900000, 0x0000000714900000| Untracked 
| 144|0x0000000714a00000, 0x0000000714a00000, 0x0000000714b00000|  0%| F|  |TAMS 0x0000000714a00000, 0x0000000714a00000| Untracked 
| 145|0x0000000714b00000, 0x0000000714b00000, 0x0000000714c00000|  0%| F|  |TAMS 0x0000000714b00000, 0x0000000714b00000| Untracked 
| 146|0x0000000714c00000, 0x0000000714c00000, 0x0000000714d00000|  0%| F|  |TAMS 0x0000000714c00000, 0x0000000714c00000| Untracked 
| 147|0x0000000714d00000, 0x0000000714d00000, 0x0000000714e00000|  0%| F|  |TAMS 0x0000000714d00000, 0x0000000714d00000| Untracked 
| 148|0x0000000714e00000, 0x0000000714e00000, 0x0000000714f00000|  0%| F|  |TAMS 0x0000000714e00000, 0x0000000714e00000| Untracked 
| 149|0x0000000714f00000, 0x0000000714f00000, 0x0000000715000000|  0%| F|  |TAMS 0x0000000714f00000, 0x0000000714f00000| Untracked 
| 150|0x0000000715000000, 0x0000000715000000, 0x0000000715100000|  0%| F|  |TAMS 0x0000000715000000, 0x0000000715000000| Untracked 
| 151|0x0000000715100000, 0x0000000715100000, 0x0000000715200000|  0%| F|  |TAMS 0x0000000715100000, 0x0000000715100000| Untracked 
| 152|0x0000000715200000, 0x0000000715200000, 0x0000000715300000|  0%| F|  |TAMS 0x0000000715200000, 0x0000000715200000| Untracked 
| 153|0x0000000715300000, 0x0000000715300000, 0x0000000715400000|  0%| F|  |TAMS 0x0000000715300000, 0x0000000715300000| Untracked 
| 154|0x0000000715400000, 0x0000000715400000, 0x0000000715500000|  0%| F|  |TAMS 0x0000000715400000, 0x0000000715400000| Untracked 
| 155|0x0000000715500000, 0x0000000715500000, 0x0000000715600000|  0%| F|  |TAMS 0x0000000715500000, 0x0000000715500000| Untracked 
| 156|0x0000000715600000, 0x0000000715600000, 0x0000000715700000|  0%| F|  |TAMS 0x0000000715600000, 0x0000000715600000| Untracked 
| 157|0x0000000715700000, 0x0000000715700000, 0x0000000715800000|  0%| F|  |TAMS 0x0000000715700000, 0x0000000715700000| Untracked 
| 158|0x0000000715800000, 0x0000000715800000, 0x0000000715900000|  0%| F|  |TAMS 0x0000000715800000, 0x0000000715800000| Untracked 
| 159|0x0000000715900000, 0x0000000715900000, 0x0000000715a00000|  0%| F|  |TAMS 0x0000000715900000, 0x0000000715900000| Untracked 
| 160|0x0000000715a00000, 0x0000000715a00000, 0x0000000715b00000|  0%| F|  |TAMS 0x0000000715a00000, 0x0000000715a00000| Untracked 
| 161|0x0000000715b00000, 0x0000000715b00000, 0x0000000715c00000|  0%| F|  |TAMS 0x0000000715b00000, 0x0000000715b00000| Untracked 
| 162|0x0000000715c00000, 0x0000000715c00000, 0x0000000715d00000|  0%| F|  |TAMS 0x0000000715c00000, 0x0000000715c00000| Untracked 
| 163|0x0000000715d00000, 0x0000000715d00000, 0x0000000715e00000|  0%| F|  |TAMS 0x0000000715d00000, 0x0000000715d00000| Untracked 
| 164|0x0000000715e00000, 0x0000000715e00000, 0x0000000715f00000|  0%| F|  |TAMS 0x0000000715e00000, 0x0000000715e00000| Untracked 
| 165|0x0000000715f00000, 0x0000000715f00000, 0x0000000716000000|  0%| F|  |TAMS 0x0000000715f00000, 0x0000000715f00000| Untracked 
| 166|0x0000000716000000, 0x0000000716000000, 0x0000000716100000|  0%| F|  |TAMS 0x0000000716000000, 0x0000000716000000| Untracked 
| 167|0x0000000716100000, 0x0000000716100000, 0x0000000716200000|  0%| F|  |TAMS 0x0000000716100000, 0x0000000716100000| Untracked 
| 168|0x0000000716200000, 0x0000000716200000, 0x0000000716300000|  0%| F|  |TAMS 0x0000000716200000, 0x0000000716200000| Untracked 
| 169|0x0000000716300000, 0x0000000716300000, 0x0000000716400000|  0%| F|  |TAMS 0x0000000716300000, 0x0000000716300000| Untracked 
| 170|0x0000000716400000, 0x0000000716400000, 0x0000000716500000|  0%| F|  |TAMS 0x0000000716400000, 0x0000000716400000| Untracked 
| 171|0x0000000716500000, 0x0000000716500000, 0x0000000716600000|  0%| F|  |TAMS 0x0000000716500000, 0x0000000716500000| Untracked 
| 172|0x0000000716600000, 0x0000000716600000, 0x0000000716700000|  0%| F|  |TAMS 0x0000000716600000, 0x0000000716600000| Untracked 
| 173|0x0000000716700000, 0x0000000716700000, 0x0000000716800000|  0%| F|  |TAMS 0x0000000716700000, 0x0000000716700000| Untracked 
| 174|0x0000000716800000, 0x0000000716800000, 0x0000000716900000|  0%| F|  |TAMS 0x0000000716800000, 0x0000000716800000| Untracked 
| 175|0x0000000716900000, 0x0000000716900000, 0x0000000716a00000|  0%| F|  |TAMS 0x0000000716900000, 0x0000000716900000| Untracked 
| 176|0x0000000716a00000, 0x0000000716a00000, 0x0000000716b00000|  0%| F|  |TAMS 0x0000000716a00000, 0x0000000716a00000| Untracked 
| 177|0x0000000716b00000, 0x0000000716b00000, 0x0000000716c00000|  0%| F|  |TAMS 0x0000000716b00000, 0x0000000716b00000| Untracked 
| 178|0x0000000716c00000, 0x0000000716c00000, 0x0000000716d00000|  0%| F|  |TAMS 0x0000000716c00000, 0x0000000716c00000| Untracked 
| 179|0x0000000716d00000, 0x0000000716d00000, 0x0000000716e00000|  0%| F|  |TAMS 0x0000000716d00000, 0x0000000716d00000| Untracked 
| 180|0x0000000716e00000, 0x0000000716ece750, 0x0000000716f00000| 80%| S|CS|TAMS 0x0000000716e00000, 0x0000000716e00000| Complete 
| 181|0x0000000716f00000, 0x0000000717000000, 0x0000000717000000|100%| S|CS|TAMS 0x0000000716f00000, 0x0000000716f00000| Complete 
| 182|0x0000000717000000, 0x0000000717100000, 0x0000000717100000|100%| S|CS|TAMS 0x0000000717000000, 0x0000000717000000| Complete 
| 183|0x0000000717100000, 0x0000000717100000, 0x0000000717200000|  0%| F|  |TAMS 0x0000000717100000, 0x0000000717100000| Untracked 
| 184|0x0000000717200000, 0x0000000717200000, 0x0000000717300000|  0%| F|  |TAMS 0x0000000717200000, 0x0000000717200000| Untracked 
| 185|0x0000000717300000, 0x0000000717300000, 0x0000000717400000|  0%| F|  |TAMS 0x0000000717300000, 0x0000000717300000| Untracked 
| 186|0x0000000717400000, 0x0000000717400000, 0x0000000717500000|  0%| F|  |TAMS 0x0000000717400000, 0x0000000717400000| Untracked 
| 187|0x0000000717500000, 0x0000000717500000, 0x0000000717600000|  0%| F|  |TAMS 0x0000000717500000, 0x0000000717500000| Untracked 
| 188|0x0000000717600000, 0x0000000717600000, 0x0000000717700000|  0%| F|  |TAMS 0x0000000717600000, 0x0000000717600000| Untracked 
| 189|0x0000000717700000, 0x0000000717700000, 0x0000000717800000|  0%| F|  |TAMS 0x0000000717700000, 0x0000000717700000| Untracked 
| 190|0x0000000717800000, 0x0000000717800000, 0x0000000717900000|  0%| F|  |TAMS 0x0000000717800000, 0x0000000717800000| Untracked 
| 191|0x0000000717900000, 0x0000000717900000, 0x0000000717a00000|  0%| F|  |TAMS 0x0000000717900000, 0x0000000717900000| Untracked 
| 192|0x0000000717a00000, 0x0000000717a00000, 0x0000000717b00000|  0%| F|  |TAMS 0x0000000717a00000, 0x0000000717a00000| Untracked 
| 193|0x0000000717b00000, 0x0000000717b00000, 0x0000000717c00000|  0%| F|  |TAMS 0x0000000717b00000, 0x0000000717b00000| Untracked 
| 194|0x0000000717c00000, 0x0000000717c00000, 0x0000000717d00000|  0%| F|  |TAMS 0x0000000717c00000, 0x0000000717c00000| Untracked 
| 195|0x0000000717d00000, 0x0000000717d00000, 0x0000000717e00000|  0%| F|  |TAMS 0x0000000717d00000, 0x0000000717d00000| Untracked 
| 196|0x0000000717e00000, 0x0000000717e00000, 0x0000000717f00000|  0%| F|  |TAMS 0x0000000717e00000, 0x0000000717e00000| Untracked 
| 197|0x0000000717f00000, 0x0000000717f00000, 0x0000000718000000|  0%| F|  |TAMS 0x0000000717f00000, 0x0000000717f00000| Untracked 
| 198|0x0000000718000000, 0x0000000718000000, 0x0000000718100000|  0%| F|  |TAMS 0x0000000718000000, 0x0000000718000000| Untracked 
| 199|0x0000000718100000, 0x0000000718100000, 0x0000000718200000|  0%| F|  |TAMS 0x0000000718100000, 0x0000000718100000| Untracked 
| 200|0x0000000718200000, 0x0000000718200000, 0x0000000718300000|  0%| F|  |TAMS 0x0000000718200000, 0x0000000718200000| Untracked 
| 201|0x0000000718300000, 0x0000000718300000, 0x0000000718400000|  0%| F|  |TAMS 0x0000000718300000, 0x0000000718300000| Untracked 
| 202|0x0000000718400000, 0x0000000718400000, 0x0000000718500000|  0%| F|  |TAMS 0x0000000718400000, 0x0000000718400000| Untracked 
| 203|0x0000000718500000, 0x0000000718500000, 0x0000000718600000|  0%| F|  |TAMS 0x0000000718500000, 0x0000000718500000| Untracked 
| 204|0x0000000718600000, 0x0000000718600000, 0x0000000718700000|  0%| F|  |TAMS 0x0000000718600000, 0x0000000718600000| Untracked 
| 205|0x0000000718700000, 0x0000000718700000, 0x0000000718800000|  0%| F|  |TAMS 0x0000000718700000, 0x0000000718700000| Untracked 
| 206|0x0000000718800000, 0x0000000718800000, 0x0000000718900000|  0%| F|  |TAMS 0x0000000718800000, 0x0000000718800000| Untracked 
| 207|0x0000000718900000, 0x0000000718900000, 0x0000000718a00000|  0%| F|  |TAMS 0x0000000718900000, 0x0000000718900000| Untracked 
| 208|0x0000000718a00000, 0x0000000718a00000, 0x0000000718b00000|  0%| F|  |TAMS 0x0000000718a00000, 0x0000000718a00000| Untracked 
| 209|0x0000000718b00000, 0x0000000718b00000, 0x0000000718c00000|  0%| F|  |TAMS 0x0000000718b00000, 0x0000000718b00000| Untracked 
| 210|0x0000000718c00000, 0x0000000718c00000, 0x0000000718d00000|  0%| F|  |TAMS 0x0000000718c00000, 0x0000000718c00000| Untracked 
| 211|0x0000000718d00000, 0x0000000718d00000, 0x0000000718e00000|  0%| F|  |TAMS 0x0000000718d00000, 0x0000000718d00000| Untracked 
| 212|0x0000000718e00000, 0x0000000718e00000, 0x0000000718f00000|  0%| F|  |TAMS 0x0000000718e00000, 0x0000000718e00000| Untracked 
| 213|0x0000000718f00000, 0x0000000718f00000, 0x0000000719000000|  0%| F|  |TAMS 0x0000000718f00000, 0x0000000718f00000| Untracked 
| 214|0x0000000719000000, 0x0000000719000000, 0x0000000719100000|  0%| F|  |TAMS 0x0000000719000000, 0x0000000719000000| Untracked 
| 215|0x0000000719100000, 0x0000000719100000, 0x0000000719200000|  0%| F|  |TAMS 0x0000000719100000, 0x0000000719100000| Untracked 
| 216|0x0000000719200000, 0x0000000719200000, 0x0000000719300000|  0%| F|  |TAMS 0x0000000719200000, 0x0000000719200000| Untracked 
| 217|0x0000000719300000, 0x0000000719300000, 0x0000000719400000|  0%| F|  |TAMS 0x0000000719300000, 0x0000000719300000| Untracked 
| 218|0x0000000719400000, 0x0000000719400000, 0x0000000719500000|  0%| F|  |TAMS 0x0000000719400000, 0x0000000719400000| Untracked 
| 219|0x0000000719500000, 0x0000000719500000, 0x0000000719600000|  0%| F|  |TAMS 0x0000000719500000, 0x0000000719500000| Untracked 
| 220|0x0000000719600000, 0x0000000719600000, 0x0000000719700000|  0%| F|  |TAMS 0x0000000719600000, 0x0000000719600000| Untracked 
| 221|0x0000000719700000, 0x0000000719700000, 0x0000000719800000|  0%| F|  |TAMS 0x0000000719700000, 0x0000000719700000| Untracked 
| 222|0x0000000719800000, 0x0000000719800000, 0x0000000719900000|  0%| F|  |TAMS 0x0000000719800000, 0x0000000719800000| Untracked 
| 223|0x0000000719900000, 0x0000000719900000, 0x0000000719a00000|  0%| F|  |TAMS 0x0000000719900000, 0x0000000719900000| Untracked 
| 224|0x0000000719a00000, 0x0000000719a00000, 0x0000000719b00000|  0%| F|  |TAMS 0x0000000719a00000, 0x0000000719a00000| Untracked 
| 225|0x0000000719b00000, 0x0000000719b00000, 0x0000000719c00000|  0%| F|  |TAMS 0x0000000719b00000, 0x0000000719b00000| Untracked 
| 226|0x0000000719c00000, 0x0000000719c00000, 0x0000000719d00000|  0%| F|  |TAMS 0x0000000719c00000, 0x0000000719c00000| Untracked 
| 227|0x0000000719d00000, 0x0000000719d00000, 0x0000000719e00000|  0%| F|  |TAMS 0x0000000719d00000, 0x0000000719d00000| Untracked 
| 228|0x0000000719e00000, 0x0000000719e00000, 0x0000000719f00000|  0%| F|  |TAMS 0x0000000719e00000, 0x0000000719e00000| Untracked 
| 229|0x0000000719f00000, 0x0000000719f00000, 0x000000071a000000|  0%| F|  |TAMS 0x0000000719f00000, 0x0000000719f00000| Untracked 
| 230|0x000000071a000000, 0x000000071a000000, 0x000000071a100000|  0%| F|  |TAMS 0x000000071a000000, 0x000000071a000000| Untracked 
| 231|0x000000071a100000, 0x000000071a100000, 0x000000071a200000|  0%| F|  |TAMS 0x000000071a100000, 0x000000071a100000| Untracked 
| 232|0x000000071a200000, 0x000000071a200000, 0x000000071a300000|  0%| F|  |TAMS 0x000000071a200000, 0x000000071a200000| Untracked 
| 233|0x000000071a300000, 0x000000071a300000, 0x000000071a400000|  0%| F|  |TAMS 0x000000071a300000, 0x000000071a300000| Untracked 
| 234|0x000000071a400000, 0x000000071a400000, 0x000000071a500000|  0%| F|  |TAMS 0x000000071a400000, 0x000000071a400000| Untracked 
| 235|0x000000071a500000, 0x000000071a500000, 0x000000071a600000|  0%| F|  |TAMS 0x000000071a500000, 0x000000071a500000| Untracked 
| 236|0x000000071a600000, 0x000000071a600000, 0x000000071a700000|  0%| F|  |TAMS 0x000000071a600000, 0x000000071a600000| Untracked 
| 237|0x000000071a700000, 0x000000071a700000, 0x000000071a800000|  0%| F|  |TAMS 0x000000071a700000, 0x000000071a700000| Untracked 
| 238|0x000000071a800000, 0x000000071a8865d0, 0x000000071a900000| 52%| E|  |TAMS 0x000000071a800000, 0x000000071a800000| Complete 
| 239|0x000000071a900000, 0x000000071aa00000, 0x000000071aa00000|100%| E|CS|TAMS 0x000000071a900000, 0x000000071a900000| Complete 
| 240|0x000000071aa00000, 0x000000071ab00000, 0x000000071ab00000|100%| E|CS|TAMS 0x000000071aa00000, 0x000000071aa00000| Complete 
| 241|0x000000071ab00000, 0x000000071ac00000, 0x000000071ac00000|100%| E|CS|TAMS 0x000000071ab00000, 0x000000071ab00000| Complete 
| 242|0x000000071ac00000, 0x000000071ad00000, 0x000000071ad00000|100%| E|CS|TAMS 0x000000071ac00000, 0x000000071ac00000| Complete 
| 243|0x000000071ad00000, 0x000000071ae00000, 0x000000071ae00000|100%| E|CS|TAMS 0x000000071ad00000, 0x000000071ad00000| Complete 
| 244|0x000000071ae00000, 0x000000071af00000, 0x000000071af00000|100%| E|CS|TAMS 0x000000071ae00000, 0x000000071ae00000| Complete 
| 245|0x000000071af00000, 0x000000071b000000, 0x000000071b000000|100%| E|CS|TAMS 0x000000071af00000, 0x000000071af00000| Complete 
|2884|0x00000007bfe00000, 0x00000007bfe47000, 0x00000007bff00000| 27%|OA|  |TAMS 0x00000007bfe00000, 0x00000007bfe00000| Untracked 
|2885|0x00000007bff00000, 0x00000007bff6b000, 0x00000007c0000000| 41%|CA|  |TAMS 0x00000007bff00000, 0x00000007bff00000| Untracked 

Card table byte_map: [0x00007fd05b85d000,0x00007fd05c000000] _byte_map_base: 0x00007fd058000000

Marking Bits (Prev, Next): (CMBitMap*) 0x00007fd078083568, (CMBitMap*) 0x00007fd0780835a0
 Prev Bits: [0x00007fd0573a2000, 0x00007fd05b0ba000)
 Next Bits: [0x00007fd05368a000, 0x00007fd0573a2000)

Polling page: 0x00007fd081331000

Metaspace:

Usage:
  Non-class:     12.50 MB capacity,    12.14 MB ( 97%) used,   316.72 KB (  2%) free+waste,    56.06 KB ( <1%) overhead. 
      Class:      1.98 MB capacity,     1.77 MB ( 89%) used,   186.74 KB (  9%) free+waste,    28.25 KB (  1%) overhead. 
       Both:     14.48 MB capacity,    13.91 MB ( 96%) used,   503.46 KB (  3%) free+waste,    84.31 KB ( <1%) overhead. 

Virtual space:
  Non-class space:       14.00 MB reserved,      12.75 MB ( 91%) committed 
      Class space:        1.00 GB reserved,       2.00 MB ( <1%) committed 
             Both:        1.01 GB reserved,      14.75 MB (  1%) committed 

Chunk freelists:
   Non-Class:  104.00 KB
       Class:  0 bytes
        Both:  104.00 KB

MaxMetaspaceSize: unlimited
CompressedClassSpaceSize: 1.00 GB

CodeHeap 'non-profiled nmethods': size=120032Kb used=915Kb max_used=915Kb free=119116Kb
 bounds [0x00007fd068340000, 0x00007fd0685b0000, 0x00007fd06f878000]
CodeHeap 'profiled nmethods': size=120028Kb used=3819Kb max_used=3819Kb free=116208Kb
 bounds [0x00007fd060e09000, 0x00007fd0611c9000, 0x00007fd068340000]
CodeHeap 'non-nmethods': size=5700Kb used=1218Kb max_used=1316Kb free=4481Kb
 bounds [0x00007fd060878000, 0x00007fd060ae8000, 0x00007fd060e09000]
 total_blobs=2322 nmethods=1831 adapters=411
 compilation: enabled
              stopped_count=0, restarted_count=0
 full_count=0

Compilation events (20 events):
Event: 3.505 Thread 0x00007fd01c094000 nmethod 1460 0x00007fd068417490 code [0x00007fd068417620, 0x00007fd068417698]
Event: 3.505 Thread 0x00007fd01c094000 1724       4       java.util.WeakHashMap::indexFor (6 bytes)
Event: 3.505 Thread 0x00007fd01c094000 nmethod 1724 0x00007fd068417710 code [0x00007fd0684178a0, 0x00007fd0684178f8]
Event: 3.505 Thread 0x00007fd01c094000 1751       4       java.util.zip.ZipFile$Source::getEntryPos (9 bytes)
Event: 3.506 Thread 0x00007fd01c094000 nmethod 1751 0x00007fd068417990 code [0x00007fd068417b20, 0x00007fd068417c18]
Event: 3.657 Thread 0x00007fd078245000 nmethod 1794 0x00007fd068417d10 code [0x00007fd068418040, 0x00007fd068421178]
Event: 23.903 Thread 0x00007fd078247000 1830       3       java.nio.HeapByteBuffer::get (14 bytes)
Event: 23.903 Thread 0x00007fd078247000 nmethod 1830 0x00007fd0611c2c10 code [0x00007fd0611c2e00, 0x00007fd0611c3100]
Event: 23.903 Thread 0x00007fd078245000 1832       4       java.util.HashMap$HashIterator::hasNext (13 bytes)
Event: 23.903 Thread 0x00007fd078247000 1831       1       java.util.Collections$1::hasNext (5 bytes)
Event: 23.903 Thread 0x00007fd078247000 nmethod 1831 0x00007fd068424390 code [0x00007fd068424540, 0x00007fd068424610]
Event: 23.904 Thread 0x00007fd078245000 nmethod 1832 0x00007fd068424690 code [0x00007fd068424820, 0x00007fd068424898]
Event: 23.904 Thread 0x00007fd078245000 1834       4       java.lang.CharacterDataLatin1::isWhitespace (23 bytes)
Event: 23.905 Thread 0x00007fd078245000 nmethod 1834 0x00007fd068424910 code [0x00007fd068424aa0, 0x00007fd068424b58]
Event: 23.905 Thread 0x00007fd078245000 1833       4       java.util.ArrayList$Itr::hasNext (20 bytes)
Event: 23.905 Thread 0x00007fd078247000 1835       3       java.lang.reflect.ProxyGenerator::code_aload (11 bytes)
Event: 23.905 Thread 0x00007fd078247000 nmethod 1835 0x00007fd0611c3290 code [0x00007fd0611c3440, 0x00007fd0611c35c0]
Event: 23.905 Thread 0x00007fd078247000 1836       3       java.io.DataOutputStream::writeInt (65 bytes)
Event: 23.906 Thread 0x00007fd078245000 nmethod 1833 0x00007fd068424c10 code [0x00007fd068424da0, 0x00007fd068424e58]
Event: 23.906 Thread 0x00007fd078247000 nmethod 1836 0x00007fd0611c3690 code [0x00007fd0611c3880, 0x00007fd0611c3df0]

GC Heap History (8 events):
Event: 0.972 GC heap before
{Heap before GC invocations=0 (full 0):
 garbage-first heap   total 253952K, used 26312K [0x000000070ba00000, 0x0000000800000000)
  region size 1024K, 24 young (24576K), 0 survivors (0K)
 Metaspace       used 2357K, capacity 4652K, committed 4864K, reserved 1056768K
  class space    used 214K, capacity 442K, committed 512K, reserved 1048576K
}
Event: 1.007 GC heap after
{Heap after GC invocations=1 (full 0):
 garbage-first heap   total 253952K, used 11938K [0x000000070ba00000, 0x0000000800000000)
  region size 1024K, 3 young (3072K), 3 survivors (3072K)
 Metaspace       used 2357K, capacity 4652K, committed 4864K, reserved 1056768K
  class space    used 214K, capacity 442K, committed 512K, reserved 1048576K
}
Event: 1.556 GC heap before
{Heap before GC invocations=1 (full 0):
 garbage-first heap   total 253952K, used 29346K [0x000000070ba00000, 0x0000000800000000)
  region size 1024K, 20 young (20480K), 3 survivors (3072K)
 Metaspace       used 4774K, capacity 5916K, committed 6016K, reserved 1056768K
  class space    used 473K, capacity 633K, committed 640K, reserved 1048576K
}
Event: 1.565 GC heap after
{Heap after GC invocations=2 (full 0):
 garbage-first heap   total 253952K, used 12411K [0x000000070ba00000, 0x0000000800000000)
  region size 1024K, 1 young (1024K), 1 survivors (1024K)
 Metaspace       used 4774K, capacity 5916K, committed 6016K, reserved 1056768K
  class space    used 473K, capacity 633K, committed 640K, reserved 1048576K
}
Event: 2.197 GC heap before
{Heap before GC invocations=2 (full 0):
 garbage-first heap   total 253952K, used 53371K [0x000000070ba00000, 0x0000000800000000)
  region size 1024K, 41 young (41984K), 1 survivors (1024K)
 Metaspace       used 8234K, capacity 8680K, committed 8832K, reserved 1056768K
  class space    used 938K, capacity 1107K, committed 1152K, reserved 1048576K
}
Event: 2.202 GC heap after
{Heap after GC invocations=3 (full 0):
 garbage-first heap   total 253952K, used 12974K [0x000000070ba00000, 0x0000000800000000)
  region size 1024K, 2 young (2048K), 2 survivors (2048K)
 Metaspace       used 8234K, capacity 8680K, committed 8832K, reserved 1056768K
  class space    used 938K, capacity 1107K, committed 1152K, reserved 1048576K
}
Event: 3.164 GC heap before
{Heap before GC invocations=3 (full 0):
 garbage-first heap   total 253952K, used 75438K [0x000000070ba00000, 0x0000000800000000)
  region size 1024K, 63 young (64512K), 2 survivors (2048K)
 Metaspace       used 13680K, capacity 14250K, committed 14592K, reserved 1062912K
  class space    used 1737K, capacity 1981K, committed 2048K, reserved 1048576K
}
Event: 3.176 GC heap after
{Heap after GC invocations=4 (full 0):
 garbage-first heap   total 253952K, used 14559K [0x000000070ba00000, 0x0000000800000000)
  region size 1024K, 3 young (3072K), 3 survivors (3072K)
 Metaspace       used 13680K, capacity 14250K, committed 14592K, reserved 1062912K
  class space    used 1737K, capacity 1981K, committed 2048K, reserved 1048576K
}

Deoptimization events (20 events):
Event: 2.492 Thread 0x00007fd07801e800 Uncommon trap: trap_request=0xffffff4d fr.pc=0x00007fd0683b86ac relative=0x000000000000010c
Event: 2.492 Thread 0x00007fd07801e800 Uncommon trap: reason=unstable_if action=reinterpret pc=0x00007fd0683b86ac method=sun.reflect.generics.parser.SignatureParser.current()C @ 39 c2
Event: 2.492 Thread 0x00007fd07801e800 DEOPT PACKING pc=0x00007fd0683b86ac sp=0x00007fd08130abc0
Event: 2.492 Thread 0x00007fd07801e800 DEOPT UNPACKING pc=0x00007fd0608ae525 sp=0x00007fd08130ab88 mode 2
Event: 2.547 Thread 0x00007fd07801e800 Uncommon trap: trap_request=0xffffffc6 fr.pc=0x00007fd0683ad060 relative=0x0000000000001120
Event: 2.547 Thread 0x00007fd07801e800 Uncommon trap: reason=bimorphic_or_optimized_type_check action=maybe_recompile pc=0x00007fd0683ad060 method=java.util.HashMap.putVal(ILjava/lang/Object;Ljava/lang/Object;ZZ)Ljava/lang/Object; @ 203 c2
Event: 2.547 Thread 0x00007fd07801e800 DEOPT PACKING pc=0x00007fd0683ad060 sp=0x00007fd08130b210
Event: 2.547 Thread 0x00007fd07801e800 DEOPT UNPACKING pc=0x00007fd0608ae525 sp=0x00007fd08130b1b8 mode 2
Event: 2.619 Thread 0x00007fd07801e800 Uncommon trap: trap_request=0xffffffc6 fr.pc=0x00007fd0683ad060 relative=0x0000000000001120
Event: 2.619 Thread 0x00007fd07801e800 Uncommon trap: reason=bimorphic_or_optimized_type_check action=maybe_recompile pc=0x00007fd0683ad060 method=java.util.HashMap.putVal(ILjava/lang/Object;Ljava/lang/Object;ZZ)Ljava/lang/Object; @ 203 c2
Event: 2.619 Thread 0x00007fd07801e800 DEOPT PACKING pc=0x00007fd0683ad060 sp=0x00007fd08130b240
Event: 2.619 Thread 0x00007fd07801e800 DEOPT UNPACKING pc=0x00007fd0608ae525 sp=0x00007fd08130b1e8 mode 2
Event: 3.075 Thread 0x00007fd07801e800 DEOPT PACKING pc=0x00007fd060fdec6c sp=0x00007fd08130c2a0
Event: 3.075 Thread 0x00007fd07801e800 DEOPT UNPACKING pc=0x00007fd0608aecca sp=0x00007fd08130b758 mode 1
Event: 3.075 Thread 0x00007fd07801e800 DEOPT PACKING pc=0x00007fd061039704 sp=0x00007fd08130c370
Event: 3.075 Thread 0x00007fd07801e800 DEOPT UNPACKING pc=0x00007fd0608aecca sp=0x00007fd08130b848 mode 1
Event: 3.075 Thread 0x00007fd07801e800 DEOPT PACKING pc=0x00007fd061129554 sp=0x00007fd08130cb60
Event: 3.075 Thread 0x00007fd07801e800 DEOPT UNPACKING pc=0x00007fd0608aecca sp=0x00007fd08130c070 mode 1
Event: 3.280 Thread 0x00007fd07801e800 DEOPT PACKING pc=0x00007fd061129554 sp=0x00007fd08130b780
Event: 3.281 Thread 0x00007fd07801e800 DEOPT UNPACKING pc=0x00007fd0608aecca sp=0x00007fd08130ac90 mode 1

Classes redefined (0 events):
No events

Internal exceptions (20 events):
Event: 1.671 Thread 0x00007fd07801e800 Exception <a 'java/lang/IncompatibleClassChangeError'{0x000000071acdbda8}: Found class java.lang.Object, but interface was expected> (0x000000071acdbda8) thrown at [src/hotspot/share/interpreter/linkResolver.cpp, line 839]
Event: 1.674 Thread 0x00007fd07801e800 Exception <a 'java/lang/NoSuchMethodError'{0x000000071acf5900}: 'void java.lang.invoke.DirectMethodHandle$Holder.invokeStatic(java.lang.Object, java.lang.Object, java.lang.Object, java.lang.Object)'> (0x000000071acf5900) thrown at [src/hotspot/share/interpreter/linkResolver.cpp, line 773]
Event: 1.691 Thread 0x00007fd07801e800 Exception <a 'java/lang/NoSuchMethodError'{0x000000071ab69310}: 'java.lang.Object java.lang.invoke.DirectMethodHandle$Holder.invokeVirtual(java.lang.Object, java.lang.Object, java.lang.Object)'> (0x000000071ab69310) thrown at [src/hotspot/share/interpreter/linkResolver.cpp, line 773]
Event: 1.704 Thread 0x00007fd07801e800 Exception <a 'java/lang/NoSuchMethodError'{0x000000071aa210b0}: 'void java.lang.invoke.DirectMethodHandle$Holder.invokeInterface(java.lang.Object, java.lang.Object, java.lang.Object, java.lang.Object)'> (0x000000071aa210b0) thrown at [src/hotspot/share/interpreter/linkResolver.cpp, line 773]
Event: 1.704 Thread 0x00007fd07801e800 Exception <a 'java/lang/IncompatibleClassChangeError'{0x000000071aa23e70}: Found class java.lang.Object, but interface was expected> (0x000000071aa23e70) thrown at [src/hotspot/share/interpreter/linkResolver.cpp, line 839]
Event: 1.736 Thread 0x00007fd07801e800 Exception <a 'java/lang/NoSuchMethodError'{0x000000071a82b478}: 'void java.lang.invoke.DirectMethodHandle$Holder.invokeSpecial(java.lang.Object, java.lang.Object)'> (0x000000071a82b478) thrown at [src/hotspot/share/interpreter/linkResolver.cpp, line 773]
Event: 1.750 Thread 0x00007fd07801e800 Exception <a 'java/lang/NoSuchMethodError'{0x000000071a74e200}: 'int java.lang.invoke.DirectMethodHandle$Holder.invokeStatic(java.lang.Object, java.lang.Object, java.lang.Object, java.lang.Object, java.lang.Object)'> (0x000000071a74e200) thrown at [src/hotspot/share/interpreter/linkResolver.cpp, line 773]
Event: 2.071 Thread 0x00007fd07801e800 Exception <a 'java/lang/NoSuchMethodError'{0x0000000719460900}: 'void java.lang.invoke.DirectMethodHandle$Holder.invokeStatic(java.lang.Object, java.lang.Object, java.lang.Object, java.lang.Object, java.lang.Object, java.lang.Object)'> (0x0000000719460900) thrown at [src/hotspot/share/interpreter/linkResolver.cpp, line 773]
Event: 2.183 Thread 0x00007fd07801e800 Exception <a 'java/lang/NoSuchMethodError'{0x000000071885dfb0}: 'java.lang.Object java.lang.invoke.Invokers$Holder.linkToTargetMethod(java.lang.Object, java.lang.Object, int, int, java.lang.Object, java.lang.Object)'> (0x000000071885dfb0) thrown at [src/hotspot/share/interpreter/linkResolver.cpp, line 773]
Event: 2.476 Thread 0x00007fd07801e800 Exception <a 'java/lang/NoSuchMethodError'{0x0000000719411428}: 'int java.lang.invoke.DirectMethodHandle$Holder.invokeInterface(java.lang.Object, java.lang.Object)'> (0x0000000719411428) thrown at [src/hotspot/share/interpreter/linkResolver.cpp, line 773]
Event: 2.477 Thread 0x00007fd07801e800 Exception <a 'java/lang/IncompatibleClassChangeError'{0x0000000719414468}: Found class java.lang.Object, but interface was expected> (0x0000000719414468) thrown at [src/hotspot/share/interpreter/linkResolver.cpp, line 839]
Event: 2.533 Thread 0x00007fd07801e800 Exception <a 'java/lang/NoSuchMethodError'{0x000000071933da10}: 'java.lang.Object java.lang.invoke.DirectMethodHandle$Holder.invokeStatic(java.lang.Object, java.lang.Object, java.lang.Object, java.lang.Object, java.lang.Object, java.lang.Object, java.lang.Object, java.lang.Object, java.lang.Object, java.lang.Object, java.lang.Object, int)'> (0x000000071933da10) thrown at [src/hotspot/share/interpreter/linkResolver.cpp, line 773]
Event: 2.536 Thread 0x00007fd07801e800 Exception <a 'java/lang/NoSuchMethodError'{0x000000071935d180}: 'java.lang.Object java.lang.invoke.DirectMethodHandle$Holder.invokeStatic(java.lang.Object, java.lang.Object, java.lang.Object, java.lang.Object, java.lang.Object, java.lang.Object, java.lang.Object, java.lang.Object, java.lang.Object, java.lang.Object, java.lang.Object, int, int)'> (0x000000071935d180) thrown at [src/hotspot/share/interpreter/linkResolver.cpp, line 773]
Event: 2.540 Thread 0x00007fd07801e800 Exception <a 'java/lang/NoSuchMethodError'{0x000000071937d928}: 'java.lang.Object java.lang.invoke.DirectMethodHandle$Holder.invokeStatic(java.lang.Object, java.lang.Object, java.lang.Object, java.lang.Object, java.lang.Object, java.lang.Object, java.lang.Object, java.lang.Object, java.lang.Object, java.lang.Object, java.lang.Object, int, int, java.lang.Object)'> (0x000000071937d928) thrown at [src/hotspot/share/interpreter/linkResolver.cpp, line 773]
Event: 2.543 Thread 0x00007fd07801e800 Exception <a 'java/lang/NoSuchMethodError'{0x00000007193a2c38}: 'java.lang.Object java.lang.invoke.DirectMethodHandle$Holder.invokeStatic(java.lang.Object, java.lang.Object, java.lang.Object, java.lang.Object, java.lang.Object, java.lang.Object, java.lang.Object, java.lang.Object, java.lang.Object, java.lang.Object, java.lang.Object, int, int, java.lang.Object, java.lang.Object)'> (0x00000007193a2c38) thrown at [src/hotspot/share/interpreter/linkResolver.cpp, line 773]
Event: 2.587 Thread 0x00007fd07801e800 Exception <a 'sun/nio/fs/UnixException'{0x000000071924f930}> (0x000000071924f930) thrown at [src/hotspot/share/prims/jni.cpp, line 615]
Event: 2.588 Thread 0x00007fd07801e800 Exception <a 'java/security/PrivilegedActionException'{0x0000000719251558}> (0x0000000719251558) thrown at [src/hotspot/share/prims/jvm.cpp, line 1306]
Event: 2.593 Thread 0x00007fd07801e800 Exception <a 'java/lang/NoSuchMethodError'{0x0000000719267df8}: 'void java.lang.invoke.DirectMethodHandle$Holder.invokeStatic(java.lang.Object, java.lang.Object, java.lang.Object, java.lang.Object, java.lang.Object)'> (0x0000000719267df8) thrown at [src/hotspot/share/interpreter/linkResolver.cpp, line 773]
Event: 3.273 Thread 0x00007fd07801e800 Exception <a 'java/lang/NoSuchMethodError'{0x000000071a9bf7e0}: 'java.lang.Object java.lang.invoke.DirectMethodHandle$Holder.invokeStatic(java.lang.Object, int, java.lang.Object)'> (0x000000071a9bf7e0) thrown at [src/hotspot/share/interpreter/linkResolver.cpp, line 773]
Event: 3.280 Thread 0x00007fd07801e800 Exception <a 'java/lang/ClassNotFoundException'{0x000000071a9ebe08}: sun/util/logging/resources/spi/loggingProvider> (0x000000071a9ebe08) thrown at [src/hotspot/share/classfile/systemDictionary.cpp, line 231]

Events (20 events):
Event: 27.915 Executing VM operation: GetOrSetLocal
Event: 27.915 Executing VM operation: GetOrSetLocal done
Event: 27.926 Executing VM operation: GetOrSetLocal
Event: 27.926 Executing VM operation: GetOrSetLocal done
Event: 27.926 Executing VM operation: GetOrSetLocal
Event: 27.927 Executing VM operation: GetOrSetLocal done
Event: 27.927 Executing VM operation: GetOrSetLocal
Event: 27.928 Executing VM operation: GetOrSetLocal done
Event: 27.928 Executing VM operation: GetOrSetLocal
Event: 27.928 Executing VM operation: GetOrSetLocal done
Event: 27.938 Executing VM operation: GetOrSetLocal
Event: 27.939 Executing VM operation: GetOrSetLocal done
Event: 27.939 Executing VM operation: GetOrSetLocal
Event: 27.939 Executing VM operation: GetOrSetLocal done
Event: 27.953 Executing VM operation: GetOrSetLocal
Event: 27.953 Executing VM operation: GetOrSetLocal done
Event: 27.954 Executing VM operation: GetOrSetLocal
Event: 27.954 Executing VM operation: GetOrSetLocal done
Event: 285.139 Thread 0x00007fd018001800 Thread exited: 0x00007fd018001800
Event: 285.169 loading class jdk/internal/misc/Signal$1


Dynamic libraries:
70ba00000-71b000000 rw-p 00000000 00:00 0 
71b000000-7bfe00000 ---p 00000000 00:00 0 
7bfe00000-7bfe47000 rw-p 01111000 08:01 3146389                          /usr/lib/jvm/java-11-openjdk-amd64/lib/server/classes.jsa
7bfe47000-7bff00000 rw-p 00000000 00:00 0 
7bff00000-7bff6b000 rw-p 010a6000 08:01 3146389                          /usr/lib/jvm/java-11-openjdk-amd64/lib/server/classes.jsa
7bff6b000-7c0000000 rw-p 00000000 00:00 0 
7c0000000-800000000 ---p 00000000 00:00 0 
800000000-800002000 rwxp 00001000 08:01 3146389                          /usr/lib/jvm/java-11-openjdk-amd64/lib/server/classes.jsa
800002000-8010a5000 rw-p 00003000 08:01 3146389                          /usr/lib/jvm/java-11-openjdk-amd64/lib/server/classes.jsa
840000000-840200000 rw-p 00000000 00:00 0 
840200000-880000000 ---p 00000000 00:00 0 
5579ab1e5000-5579ab1e6000 r-xp 00000000 08:01 3015882                    /usr/lib/jvm/java-11-openjdk-amd64/bin/java
5579ab3e6000-5579ab3e7000 r--p 00001000 08:01 3015882                    /usr/lib/jvm/java-11-openjdk-amd64/bin/java
5579ab3e7000-5579ab3e8000 rw-p 00002000 08:01 3015882                    /usr/lib/jvm/java-11-openjdk-amd64/bin/java
5579ad298000-5579ad2dc000 rw-p 00000000 00:00 0                          [heap]
7fcfec000000-7fcfec021000 rw-p 00000000 00:00 0 
7fcfec021000-7fcff0000000 ---p 00000000 00:00 0 
7fcff4000000-7fcff4021000 rw-p 00000000 00:00 0 
7fcff4021000-7fcff8000000 ---p 00000000 00:00 0 
7fcff8000000-7fcff8021000 rw-p 00000000 00:00 0 
7fcff8021000-7fcffc000000 ---p 00000000 00:00 0 
7fcffc000000-7fcffc021000 rw-p 00000000 00:00 0 
7fcffc021000-7fd000000000 ---p 00000000 00:00 0 
7fd000000000-7fd000021000 rw-p 00000000 00:00 0 
7fd000021000-7fd004000000 ---p 00000000 00:00 0 
7fd004000000-7fd0067e3000 rw-p 00000000 00:00 0 
7fd0067e3000-7fd008000000 ---p 00000000 00:00 0 
7fd008000000-7fd008021000 rw-p 00000000 00:00 0 
7fd008021000-7fd00c000000 ---p 00000000 00:00 0 
7fd00c000000-7fd00c021000 rw-p 00000000 00:00 0 
7fd00c021000-7fd010000000 ---p 00000000 00:00 0 
7fd010000000-7fd010021000 rw-p 00000000 00:00 0 
7fd010021000-7fd014000000 ---p 00000000 00:00 0 
7fd014000000-7fd014021000 rw-p 00000000 00:00 0 
7fd014021000-7fd018000000 ---p 00000000 00:00 0 
7fd018000000-7fd018025000 rw-p 00000000 00:00 0 
7fd018025000-7fd01c000000 ---p 00000000 00:00 0 
7fd01c000000-7fd01c8cd000 rw-p 00000000 00:00 0 
7fd01c8cd000-7fd020000000 ---p 00000000 00:00 0 
7fd020000000-7fd020021000 rw-p 00000000 00:00 0 
7fd020021000-7fd024000000 ---p 00000000 00:00 0 
7fd024000000-7fd024021000 rw-p 00000000 00:00 0 
7fd024021000-7fd028000000 ---p 00000000 00:00 0 
7fd028000000-7fd0298e6000 rw-p 00000000 00:00 0 
7fd0298e6000-7fd02c000000 ---p 00000000 00:00 0 
7fd02c000000-7fd02c021000 rw-p 00000000 00:00 0 
7fd02c021000-7fd030000000 ---p 00000000 00:00 0 
7fd031195000-7fd031255000 rw-p 00000000 00:00 0 
7fd031255000-7fd031395000 ---p 00000000 00:00 0 
7fd031ba5000-7fd031da5000 rw-p 00000000 00:00 0 
7fd031f7f000-7fd03217f000 rw-p 00000000 00:00 0 
7fd03217f000-7fd032184000 r-xp 00000000 08:01 3029994                    /usr/lib/jvm/java-11-openjdk-amd64/lib/libmanagement_ext.so
7fd032184000-7fd032384000 ---p 00005000 08:01 3029994                    /usr/lib/jvm/java-11-openjdk-amd64/lib/libmanagement_ext.so
7fd032384000-7fd032385000 r--p 00005000 08:01 3029994                    /usr/lib/jvm/java-11-openjdk-amd64/lib/libmanagement_ext.so
7fd032385000-7fd032386000 rw-p 00006000 08:01 3029994                    /usr/lib/jvm/java-11-openjdk-amd64/lib/libmanagement_ext.so
7fd032386000-7fd03238a000 r-xp 00000000 08:01 3029985                    /usr/lib/jvm/java-11-openjdk-amd64/lib/libmanagement.so
7fd03238a000-7fd032589000 ---p 00004000 08:01 3029985                    /usr/lib/jvm/java-11-openjdk-amd64/lib/libmanagement.so
7fd032589000-7fd03258a000 r--p 00003000 08:01 3029985                    /usr/lib/jvm/java-11-openjdk-amd64/lib/libmanagement.so
7fd03258a000-7fd03258b000 rw-p 00004000 08:01 3029985                    /usr/lib/jvm/java-11-openjdk-amd64/lib/libmanagement.so
7fd03258b000-7fd03258f000 ---p 00000000 00:00 0 
7fd03258f000-7fd03268c000 rw-p 00000000 00:00 0 
7fd03268c000-7fd03268e000 r-xp 00000000 08:01 3029959                    /usr/lib/jvm/java-11-openjdk-amd64/lib/libextnet.so
7fd03268e000-7fd03288d000 ---p 00002000 08:01 3029959                    /usr/lib/jvm/java-11-openjdk-amd64/lib/libextnet.so
7fd03288d000-7fd03288e000 r--p 00001000 08:01 3029959                    /usr/lib/jvm/java-11-openjdk-amd64/lib/libextnet.so
7fd03288e000-7fd03288f000 rw-p 00002000 08:01 3029959                    /usr/lib/jvm/java-11-openjdk-amd64/lib/libextnet.so
7fd03288f000-7fd032890000 ---p 00000000 00:00 0 
7fd032890000-7fd032991000 rw-p 00000000 00:00 0 
7fd032991000-7fd032992000 ---p 00000000 00:00 0 
7fd032992000-7fd032a93000 rw-p 00000000 00:00 0 
7fd032a93000-7fd032a94000 ---p 00000000 00:00 0 
7fd032a94000-7fd032b95000 rw-p 00000000 00:00 0 
7fd032b95000-7fd032b96000 ---p 00000000 00:00 0 
7fd032b96000-7fd032c97000 rw-p 00000000 00:00 0 
7fd032c97000-7fd032c98000 ---p 00000000 00:00 0 
7fd032c98000-7fd032d99000 rw-p 00000000 00:00 0 
7fd032d99000-7fd032dc3000 r-xp 00000000 08:01 3030211                    /usr/lib/jvm/java-11-openjdk-amd64/lib/libsunec.so
7fd032dc3000-7fd032fc2000 ---p 0002a000 08:01 3030211                    /usr/lib/jvm/java-11-openjdk-amd64/lib/libsunec.so
7fd032fc2000-7fd032fc6000 r--p 00029000 08:01 3030211                    /usr/lib/jvm/java-11-openjdk-amd64/lib/libsunec.so
7fd032fc6000-7fd032fc8000 rw-p 0002d000 08:01 3030211                    /usr/lib/jvm/java-11-openjdk-amd64/lib/libsunec.so
7fd032fc8000-7fd032fcc000 ---p 00000000 00:00 0 
7fd032fcc000-7fd0330c9000 rw-p 00000000 00:00 0 
7fd0330c9000-7fd0330df000 r-xp 00000000 08:01 3030181                    /usr/lib/jvm/java-11-openjdk-amd64/lib/libnet.so
7fd0330df000-7fd0332de000 ---p 00016000 08:01 3030181                    /usr/lib/jvm/java-11-openjdk-amd64/lib/libnet.so
7fd0332de000-7fd0332df000 r--p 00015000 08:01 3030181                    /usr/lib/jvm/java-11-openjdk-amd64/lib/libnet.so
7fd0332df000-7fd0332e0000 rw-p 00016000 08:01 3030181                    /usr/lib/jvm/java-11-openjdk-amd64/lib/libnet.so
7fd0332e0000-7fd0332f0000 r-xp 00000000 08:01 3030183                    /usr/lib/jvm/java-11-openjdk-amd64/lib/libnio.so
7fd0332f0000-7fd0334ef000 ---p 00010000 08:01 3030183                    /usr/lib/jvm/java-11-openjdk-amd64/lib/libnio.so
7fd0334ef000-7fd0334f0000 r--p 0000f000 08:01 3030183                    /usr/lib/jvm/java-11-openjdk-amd64/lib/libnio.so
7fd0334f0000-7fd0334f1000 rw-p 00010000 08:01 3030183                    /usr/lib/jvm/java-11-openjdk-amd64/lib/libnio.so
7fd0334f1000-7fd0334f5000 ---p 00000000 00:00 0 
7fd0334f5000-7fd0335f2000 rw-p 00000000 00:00 0 
7fd0335f2000-7fd0335f6000 ---p 00000000 00:00 0 
7fd0335f6000-7fd0336f3000 rw-p 00000000 00:00 0 
7fd0336f3000-7fd0336f7000 ---p 00000000 00:00 0 
7fd0336f7000-7fd0337f4000 rw-p 00000000 00:00 0 
7fd0337f4000-7fd0337f8000 r-xp 00000000 08:01 3029958                    /usr/lib/jvm/java-11-openjdk-amd64/lib/libdt_socket.so
7fd0337f8000-7fd0339f8000 ---p 00004000 08:01 3029958                    /usr/lib/jvm/java-11-openjdk-amd64/lib/libdt_socket.so
7fd0339f8000-7fd0339f9000 r--p 00004000 08:01 3029958                    /usr/lib/jvm/java-11-openjdk-amd64/lib/libdt_socket.so
7fd0339f9000-7fd0339fa000 rw-p 00005000 08:01 3029958                    /usr/lib/jvm/java-11-openjdk-amd64/lib/libdt_socket.so
7fd0339fa000-7fd0339fe000 ---p 00000000 00:00 0 
7fd0339fe000-7fd033afb000 rw-p 00000000 00:00 0 
7fd033afb000-7fd033aff000 ---p 00000000 00:00 0 
7fd033aff000-7fd033bfc000 rw-p 00000000 00:00 0 
7fd033bfc000-7fd033c00000 ---p 00000000 00:00 0 
7fd033c00000-7fd033cfd000 rw-p 00000000 00:00 0 
7fd033cfd000-7fd033d01000 ---p 00000000 00:00 0 
7fd033d01000-7fd033dfe000 rw-p 00000000 00:00 0 
7fd033dfe000-7fd033e02000 ---p 00000000 00:00 0 
7fd033e02000-7fd033eff000 rw-p 00000000 00:00 0 
7fd033eff000-7fd033f03000 ---p 00000000 00:00 0 
7fd033f03000-7fd034000000 rw-p 00000000 00:00 0 
7fd034000000-7fd034021000 rw-p 00000000 00:00 0 
7fd034021000-7fd038000000 ---p 00000000 00:00 0 
7fd038000000-7fd038021000 rw-p 00000000 00:00 0 
7fd038021000-7fd03c000000 ---p 00000000 00:00 0 
7fd03c000000-7fd03c021000 rw-p 00000000 00:00 0 
7fd03c021000-7fd040000000 ---p 00000000 00:00 0 
7fd040000000-7fd040021000 rw-p 00000000 00:00 0 
7fd040021000-7fd044000000 ---p 00000000 00:00 0 
7fd044000000-7fd044021000 rw-p 00000000 00:00 0 
7fd044021000-7fd048000000 ---p 00000000 00:00 0 
7fd048000000-7fd048021000 rw-p 00000000 00:00 0 
7fd048021000-7fd04c000000 ---p 00000000 00:00 0 
7fd04c000000-7fd04c021000 rw-p 00000000 00:00 0 
7fd04c021000-7fd050000000 ---p 00000000 00:00 0 
7fd050046000-7fd05037c000 r--p 00000000 08:01 3015766                    /usr/lib/locale/locale-archive
7fd05037c000-7fd050380000 ---p 00000000 00:00 0 
7fd050380000-7fd05047d000 rw-p 00000000 00:00 0 
7fd05047d000-7fd050481000 ---p 00000000 00:00 0 
7fd050481000-7fd05057e000 rw-p 00000000 00:00 0 
7fd05057e000-7fd05057f000 ---p 00000000 00:00 0 
7fd05057f000-7fd050e80000 rw-p 00000000 00:00 0 
7fd050e80000-7fd050e81000 ---p 00000000 00:00 0 
7fd050e81000-7fd050f82000 rw-p 00000000 00:00 0 
7fd050f82000-7fd050f83000 ---p 00000000 00:00 0 
7fd050f83000-7fd053a62000 rw-p 00000000 00:00 0 
7fd053a62000-7fd05639a000 ---p 00000000 00:00 0 
7fd05639a000-7fd0563a2000 rw-p 00000000 00:00 0 
7fd0563a2000-7fd0573a2000 ---p 00000000 00:00 0 
7fd0573a2000-7fd05777a000 rw-p 00000000 00:00 0 
7fd05777a000-7fd05a0b2000 ---p 00000000 00:00 0 
7fd05a0b2000-7fd05a0ba000 rw-p 00000000 00:00 0 
7fd05a0ba000-7fd05b0ba000 ---p 00000000 00:00 0 
7fd05b0ba000-7fd05b135000 rw-p 00000000 00:00 0 
7fd05b135000-7fd05b65c000 ---p 00000000 00:00 0 
7fd05b65c000-7fd05b65d000 rw-p 00000000 00:00 0 
7fd05b65d000-7fd05b85d000 ---p 00000000 00:00 0 
7fd05b85d000-7fd05b8d8000 rw-p 00000000 00:00 0 
7fd05b8d8000-7fd05bdff000 ---p 00000000 00:00 0 
7fd05bdff000-7fd05be00000 rw-p 00000000 00:00 0 
7fd05be00000-7fd05c000000 ---p 00000000 00:00 0 
7fd05c000000-7fd05c021000 rw-p 00000000 00:00 0 
7fd05c021000-7fd060000000 ---p 00000000 00:00 0 
7fd0600d5000-7fd060150000 rw-p 00000000 00:00 0 
7fd060150000-7fd060677000 ---p 00000000 00:00 0 
7fd060677000-7fd060678000 rw-p 00000000 00:00 0 
7fd060678000-7fd060878000 ---p 00000000 00:00 0 
7fd060878000-7fd060ae8000 rwxp 00000000 00:00 0 
7fd060ae8000-7fd060e09000 ---p 00000000 00:00 0 
7fd060e09000-7fd0611c9000 rwxp 00000000 00:00 0 
7fd0611c9000-7fd068340000 ---p 00000000 00:00 0 
7fd068340000-7fd0685b0000 rwxp 00000000 00:00 0 
7fd0685b0000-7fd06f878000 ---p 00000000 00:00 0 
7fd078000000-7fd0797c3000 rw-p 00000000 00:00 0 
7fd0797c3000-7fd07c000000 ---p 00000000 00:00 0 
7fd07c014000-7fd07c297000 rw-p 00000000 00:00 0 
7fd07c297000-7fd07c298000 ---p 00000000 00:00 0 
7fd07c298000-7fd07c399000 rw-p 00000000 00:00 0 
7fd07c399000-7fd07c39a000 ---p 00000000 00:00 0 
7fd07c39a000-7fd07cda0000 rw-p 00000000 00:00 0 
7fd07cda0000-7fd07cda1000 ---p 00000000 00:00 0 
7fd07cda1000-7fd07cea7000 rw-p 00000000 00:00 0 
7fd07cea7000-7fd07cf8d000 ---p 00000000 00:00 0 
7fd07cf8d000-7fd07cf95000 rw-p 00000000 00:00 0 
7fd07cf95000-7fd07d078000 ---p 00000000 00:00 0 
7fd07d078000-7fd07d07f000 r-xp 00000000 08:01 3030214                    /usr/lib/jvm/java-11-openjdk-amd64/lib/libzip.so
7fd07d07f000-7fd07d27e000 ---p 00007000 08:01 3030214                    /usr/lib/jvm/java-11-openjdk-amd64/lib/libzip.so
7fd07d27e000-7fd07d27f000 r--p 00006000 08:01 3030214                    /usr/lib/jvm/java-11-openjdk-amd64/lib/libzip.so
7fd07d27f000-7fd07d280000 rw-p 00007000 08:01 3030214                    /usr/lib/jvm/java-11-openjdk-amd64/lib/libzip.so
7fd07d280000-7fd07d28b000 r-xp 00000000 08:01 1313024                    /lib/x86_64-linux-gnu/libnss_files-2.27.so
7fd07d28b000-7fd07d48a000 ---p 0000b000 08:01 1313024                    /lib/x86_64-linux-gnu/libnss_files-2.27.so
7fd07d48a000-7fd07d48b000 r--p 0000a000 08:01 1313024                    /lib/x86_64-linux-gnu/libnss_files-2.27.so
7fd07d48b000-7fd07d48c000 rw-p 0000b000 08:01 1313024                    /lib/x86_64-linux-gnu/libnss_files-2.27.so
7fd07d48c000-7fd07d492000 rw-p 00000000 00:00 0 
7fd07d492000-7fd07d4a9000 r-xp 00000000 08:01 1312840                    /lib/x86_64-linux-gnu/libnsl-2.27.so
7fd07d4a9000-7fd07d6a8000 ---p 00017000 08:01 1312840                    /lib/x86_64-linux-gnu/libnsl-2.27.so
7fd07d6a8000-7fd07d6a9000 r--p 00016000 08:01 1312840                    /lib/x86_64-linux-gnu/libnsl-2.27.so
7fd07d6a9000-7fd07d6aa000 rw-p 00017000 08:01 1312840                    /lib/x86_64-linux-gnu/libnsl-2.27.so
7fd07d6aa000-7fd07d6ac000 rw-p 00000000 00:00 0 
7fd07d6ac000-7fd07d6b7000 r-xp 00000000 08:01 1313122                    /lib/x86_64-linux-gnu/libnss_nis-2.27.so
7fd07d6b7000-7fd07d8b6000 ---p 0000b000 08:01 1313122                    /lib/x86_64-linux-gnu/libnss_nis-2.27.so
7fd07d8b6000-7fd07d8b7000 r--p 0000a000 08:01 1313122                    /lib/x86_64-linux-gnu/libnss_nis-2.27.so
7fd07d8b7000-7fd07d8b8000 rw-p 0000b000 08:01 1313122                    /lib/x86_64-linux-gnu/libnss_nis-2.27.so
7fd07d8b8000-7fd07d8c0000 r-xp 00000000 08:01 1312996                    /lib/x86_64-linux-gnu/libnss_compat-2.27.so
7fd07d8c0000-7fd07dac0000 ---p 00008000 08:01 1312996                    /lib/x86_64-linux-gnu/libnss_compat-2.27.so
7fd07dac0000-7fd07dac1000 r--p 00008000 08:01 1312996                    /lib/x86_64-linux-gnu/libnss_compat-2.27.so
7fd07dac1000-7fd07dac2000 rw-p 00009000 08:01 1312996                    /lib/x86_64-linux-gnu/libnss_compat-2.27.so
7fd07dac2000-7fd07dacc000 r-xp 00000000 08:01 3029962                    /usr/lib/jvm/java-11-openjdk-amd64/lib/libinstrument.so
7fd07dacc000-7fd07dccb000 ---p 0000a000 08:01 3029962                    /usr/lib/jvm/java-11-openjdk-amd64/lib/libinstrument.so
7fd07dccb000-7fd07dccc000 r--p 00009000 08:01 3029962                    /usr/lib/jvm/java-11-openjdk-amd64/lib/libinstrument.so
7fd07dccc000-7fd07dccd000 rw-p 0000a000 08:01 3029962                    /usr/lib/jvm/java-11-openjdk-amd64/lib/libinstrument.so
7fd07dccd000-7fd07dd09000 r-xp 00000000 08:01 3029972                    /usr/lib/jvm/java-11-openjdk-amd64/lib/libjdwp.so
7fd07dd09000-7fd07df08000 ---p 0003c000 08:01 3029972                    /usr/lib/jvm/java-11-openjdk-amd64/lib/libjdwp.so
7fd07df08000-7fd07df09000 r--p 0003b000 08:01 3029972                    /usr/lib/jvm/java-11-openjdk-amd64/lib/libjdwp.so
7fd07df09000-7fd07df0a000 rw-p 0003c000 08:01 3029972                    /usr/lib/jvm/java-11-openjdk-amd64/lib/libjdwp.so
7fd07df0a000-7fd07df0f000 r-xp 00000000 08:01 3029975                    /usr/lib/jvm/java-11-openjdk-amd64/lib/libjimage.so
7fd07df0f000-7fd07e10e000 ---p 00005000 08:01 3029975                    /usr/lib/jvm/java-11-openjdk-amd64/lib/libjimage.so
7fd07e10e000-7fd07e10f000 r--p 00004000 08:01 3029975                    /usr/lib/jvm/java-11-openjdk-amd64/lib/libjimage.so
7fd07e10f000-7fd07e110000 rw-p 00005000 08:01 3029975                    /usr/lib/jvm/java-11-openjdk-amd64/lib/libjimage.so
7fd07e110000-7fd07e138000 r-xp 00000000 08:01 3029969                    /usr/lib/jvm/java-11-openjdk-amd64/lib/libjava.so
7fd07e138000-7fd07e338000 ---p 00028000 08:01 3029969                    /usr/lib/jvm/java-11-openjdk-amd64/lib/libjava.so
7fd07e338000-7fd07e339000 r--p 00028000 08:01 3029969                    /usr/lib/jvm/java-11-openjdk-amd64/lib/libjava.so
7fd07e339000-7fd07e33a000 rw-p 00029000 08:01 3029969                    /usr/lib/jvm/java-11-openjdk-amd64/lib/libjava.so
7fd07e33a000-7fd07e33b000 rw-p 00000000 00:00 0 
7fd07e33b000-7fd07e348000 r-xp 00000000 08:01 3030213                    /usr/lib/jvm/java-11-openjdk-amd64/lib/libverify.so
7fd07e348000-7fd07e547000 ---p 0000d000 08:01 3030213                    /usr/lib/jvm/java-11-openjdk-amd64/lib/libverify.so
7fd07e547000-7fd07e549000 r--p 0000c000 08:01 3030213                    /usr/lib/jvm/java-11-openjdk-amd64/lib/libverify.so
7fd07e549000-7fd07e54a000 rw-p 0000e000 08:01 3030213                    /usr/lib/jvm/java-11-openjdk-amd64/lib/libverify.so
7fd07e54a000-7fd07e551000 r-xp 00000000 08:01 1315245                    /lib/x86_64-linux-gnu/librt-2.27.so
7fd07e551000-7fd07e750000 ---p 00007000 08:01 1315245                    /lib/x86_64-linux-gnu/librt-2.27.so
7fd07e750000-7fd07e751000 r--p 00006000 08:01 1315245                    /lib/x86_64-linux-gnu/librt-2.27.so
7fd07e751000-7fd07e752000 rw-p 00007000 08:01 1315245                    /lib/x86_64-linux-gnu/librt-2.27.so
7fd07e752000-7fd07e769000 r-xp 00000000 08:01 1315934                    /lib/x86_64-linux-gnu/libgcc_s.so.1
7fd07e769000-7fd07e968000 ---p 00017000 08:01 1315934                    /lib/x86_64-linux-gnu/libgcc_s.so.1
7fd07e968000-7fd07e969000 r--p 00016000 08:01 1315934                    /lib/x86_64-linux-gnu/libgcc_s.so.1
7fd07e969000-7fd07e96a000 rw-p 00017000 08:01 1315934                    /lib/x86_64-linux-gnu/libgcc_s.so.1
7fd07e96a000-7fd07eb07000 r-xp 00000000 08:01 1311664                    /lib/x86_64-linux-gnu/libm-2.27.so
7fd07eb07000-7fd07ed06000 ---p 0019d000 08:01 1311664                    /lib/x86_64-linux-gnu/libm-2.27.so
7fd07ed06000-7fd07ed07000 r--p 0019c000 08:01 1311664                    /lib/x86_64-linux-gnu/libm-2.27.so
7fd07ed07000-7fd07ed08000 rw-p 0019d000 08:01 1311664                    /lib/x86_64-linux-gnu/libm-2.27.so
7fd07ed08000-7fd07ee81000 r-xp 00000000 08:01 3015239                    /usr/lib/x86_64-linux-gnu/libstdc++.so.6.0.25
7fd07ee81000-7fd07f081000 ---p 00179000 08:01 3015239                    /usr/lib/x86_64-linux-gnu/libstdc++.so.6.0.25
7fd07f081000-7fd07f08b000 r--p 00179000 08:01 3015239                    /usr/lib/x86_64-linux-gnu/libstdc++.so.6.0.25
7fd07f08b000-7fd07f08d000 rw-p 00183000 08:01 3015239                    /usr/lib/x86_64-linux-gnu/libstdc++.so.6.0.25
7fd07f08d000-7fd07f091000 rw-p 00000000 00:00 0 
7fd07f091000-7fd080179000 r-xp 00000000 08:01 3162553                    /usr/lib/jvm/java-11-openjdk-amd64/lib/server/libjvm.so
7fd080179000-7fd080378000 ---p 010e8000 08:01 3162553                    /usr/lib/jvm/java-11-openjdk-amd64/lib/server/libjvm.so
7fd080378000-7fd080439000 r--p 010e7000 08:01 3162553                    /usr/lib/jvm/java-11-openjdk-amd64/lib/server/libjvm.so
7fd080439000-7fd080474000 rw-p 011a8000 08:01 3162553                    /usr/lib/jvm/java-11-openjdk-amd64/lib/server/libjvm.so
7fd080474000-7fd0804cb000 rw-p 00000000 00:00 0 
7fd0804cb000-7fd0804e5000 r-xp 00000000 08:01 1313166                    /lib/x86_64-linux-gnu/libpthread-2.27.so
7fd0804e5000-7fd0806e4000 ---p 0001a000 08:01 1313166                    /lib/x86_64-linux-gnu/libpthread-2.27.so
7fd0806e4000-7fd0806e5000 r--p 00019000 08:01 1313166                    /lib/x86_64-linux-gnu/libpthread-2.27.so
7fd0806e5000-7fd0806e6000 rw-p 0001a000 08:01 1313166                    /lib/x86_64-linux-gnu/libpthread-2.27.so
7fd0806e6000-7fd0806ea000 rw-p 00000000 00:00 0 
7fd0806ea000-7fd0806ed000 r-xp 00000000 08:01 1311662                    /lib/x86_64-linux-gnu/libdl-2.27.so
7fd0806ed000-7fd0808ec000 ---p 00003000 08:01 1311662                    /lib/x86_64-linux-gnu/libdl-2.27.so
7fd0808ec000-7fd0808ed000 r--p 00002000 08:01 1311662                    /lib/x86_64-linux-gnu/libdl-2.27.so
7fd0808ed000-7fd0808ee000 rw-p 00003000 08:01 1311662                    /lib/x86_64-linux-gnu/libdl-2.27.so
7fd0808ee000-7fd08090a000 r-xp 00000000 08:01 1316463                    /lib/x86_64-linux-gnu/libz.so.1.2.11
7fd08090a000-7fd080b09000 ---p 0001c000 08:01 1316463                    /lib/x86_64-linux-gnu/libz.so.1.2.11
7fd080b09000-7fd080b0a000 r--p 0001b000 08:01 1316463                    /lib/x86_64-linux-gnu/libz.so.1.2.11
7fd080b0a000-7fd080b0b000 rw-p 0001c000 08:01 1316463                    /lib/x86_64-linux-gnu/libz.so.1.2.11
7fd080b0b000-7fd080cf2000 r-xp 00000000 08:01 1311659                    /lib/x86_64-linux-gnu/libc-2.27.so
7fd080cf2000-7fd080ef2000 ---p 001e7000 08:01 1311659                    /lib/x86_64-linux-gnu/libc-2.27.so
7fd080ef2000-7fd080ef6000 r--p 001e7000 08:01 1311659                    /lib/x86_64-linux-gnu/libc-2.27.so
7fd080ef6000-7fd080ef8000 rw-p 001eb000 08:01 1311659                    /lib/x86_64-linux-gnu/libc-2.27.so
7fd080ef8000-7fd080efc000 rw-p 00000000 00:00 0 
7fd080efc000-7fd080f0b000 r-xp 00000000 08:01 3029946                    /usr/lib/jvm/java-11-openjdk-amd64/lib/jli/libjli.so
7fd080f0b000-7fd08110a000 ---p 0000f000 08:01 3029946                    /usr/lib/jvm/java-11-openjdk-amd64/lib/jli/libjli.so
7fd08110a000-7fd08110b000 r--p 0000e000 08:01 3029946                    /usr/lib/jvm/java-11-openjdk-amd64/lib/jli/libjli.so
7fd08110b000-7fd08110c000 rw-p 0000f000 08:01 3029946                    /usr/lib/jvm/java-11-openjdk-amd64/lib/jli/libjli.so
7fd08110c000-7fd081135000 r-xp 00000000 08:01 1311617                    /lib/x86_64-linux-gnu/ld-2.27.so
7fd0811b5000-7fd081210000 rw-p 00000000 00:00 0 
7fd081210000-7fd081214000 ---p 00000000 00:00 0 
7fd081214000-7fd081313000 rw-p 00000000 00:00 0 
7fd081314000-7fd08131b000 r--s 00000000 08:01 283729                     /usr/lib/x86_64-linux-gnu/gconv/gconv-modules.cache
7fd08131b000-7fd081320000 rw-p 00000000 00:00 0 
7fd081320000-7fd081327000 ---p 00000000 00:00 0 
7fd081327000-7fd081329000 r--s 00007000 08:01 403569                     /usr/share/java/java-atk-wrapper.jar
7fd081329000-7fd081331000 rw-s 00000000 08:01 1445759                    /tmp/hsperfdata_stefanopenazzi/39647
7fd081331000-7fd081332000 ---p 00000000 00:00 0 
7fd081332000-7fd081333000 r--p 00000000 00:00 0 
7fd081333000-7fd081335000 rw-p 00000000 00:00 0 
7fd081335000-7fd081336000 r--p 00029000 08:01 1311617                    /lib/x86_64-linux-gnu/ld-2.27.so
7fd081336000-7fd081337000 rw-p 0002a000 08:01 1311617                    /lib/x86_64-linux-gnu/ld-2.27.so
7fd081337000-7fd081338000 rw-p 00000000 00:00 0 
7ffce7e23000-7ffce7e4a000 rw-p 00000000 00:00 0                          [stack]
7ffce7f0e000-7ffce7f11000 r--p 00000000 00:00 0                          [vvar]
7ffce7f11000-7ffce7f13000 r-xp 00000000 00:00 0                          [vdso]
ffffffffff600000-ffffffffff601000 r-xp 00000000 00:00 0                  [vsyscall]


VM Arguments:
jvm_args: -agentlib:jdwp=transport=dt_socket,suspend=y,address=localhost:46169 -ea -javaagent:/home/stefanopenazzi/eclipse/java-2021-03/eclipse/configuration/org.eclipse.osgi/216/0/.cp/lib/javaagent-shaded.jar -Dfile.encoding=UTF-8 
java_command: org.eclipse.jdt.internal.junit.runner.RemoteTestRunner -version 3 -port 36227 -testLoaderClass org.eclipse.jdt.internal.junit5.runner.JUnit5TestLoader -loaderpluginname org.eclipse.jdt.junit5.runtime -test core.graph.routing.RoutingGraphTest:test
java_class_path (initial): /home/stefanopenazzi/git/jtap/target/test-classes:/home/stefanopenazzi/git/jtap/target/classes:/home/stefanopenazzi/.m2/repository/org/postgresql/postgresql/42.2.20/postgresql-42.2.20.jar:/home/stefanopenazzi/.m2/repository/org/checkerframework/checker-qual/3.5.0/checker-qual-3.5.0.jar:/home/stefanopenazzi/.m2/repository/org/neo4j/neo4j/4.2.3/neo4j-4.2.3.jar:/home/stefanopenazzi/.m2/repository/org/neo4j/annotations/4.2.3/annotations-4.2.3.jar:/home/stefanopenazzi/.m2/repository/org/eclipse/collections/eclipse-collections/10.3.0/eclipse-collections-10.3.0.jar:/home/stefanopenazzi/.m2/repository/org/eclipse/collections/eclipse-collections-api/10.3.0/eclipse-collections-api-10.3.0.jar:/home/stefanopenazzi/.m2/repository/org/neo4j/neo4j-kernel/4.2.3/neo4j-kernel-4.2.3.jar:/home/stefanopenazzi/.m2/repository/org/neo4j/neo4j-native/4.2.3/neo4j-native-4.2.3.jar:/home/stefanopenazzi/.m2/repository/net/java/dev/jna/jna/5.6.0/jna-5.6.0.jar:/home/stefanopenazzi/.m2/repository/org/neo4j/neo4j-graphdb-api/4.2.3/neo4j-graphdb-api-4.2.3.jar:/home/stefanopenazzi/.m2/repository/org/neo4j/neo4j-storage-engine-api/4.2.3/neo4j-storage-engine-api-4.2.3.jar:/home/stefanopenazzi/.m2/repository/org/neo4j/neo4j-lock/4.2.3/neo4j-lock-4.2.3.jar:/home/stefanopenazzi/.m2/repository/org/neo4j/neo4j-diagnostics/4.2.3/neo4j-diagnostics-4.2.3.jar:/home/stefanopenazzi/.m2/repository/org/neo4j/neo4j-token-api/4.2.3/neo4j-token-api-4.2.3.jar:/home/stefanopenazzi/.m2/repository/org/neo4j/neo4j-schema/4.2.3/neo4j-schema-4.2.3.jar:/home/stefanopenazzi/.m2/repository/org/neo4j/neo4j-monitoring/4.2.3/neo4j-monitoring-4.2.3.jar:/home/stefanopenazzi/.m2/repository/org/neo4j/neo4j-kernel-api/4.2.3/neo4j-kernel-api-4.2.3.jar:/home/stefanopenazzi/.m2/repository/org/neo4j/neo4j-common/4.2.3/neo4j-common-4.2.3.jar:/home/stefanopenazzi/.m2/repository/org/neo4j/neo4j-values/4.2.3/neo4j-values-4.2.3.jar:/home/stefanopenazzi/.m2/repository/org/neo4j/neo4j-unsafe/4.2.3/neo4j-unsafe-4.2.3.j
Launcher Type: SUN_STANDARD

[Global flags]
     intx CICompilerCount                          = 4                                         {product} {ergonomic}
     uint ConcGCThreads                            = 2                                         {product} {ergonomic}
     uint G1ConcRefinementThreads                  = 8                                         {product} {ergonomic}
   size_t G1HeapRegionSize                         = 1048576                                   {product} {ergonomic}
    uintx GCDrainStackTargetSize                   = 64                                        {product} {ergonomic}
   size_t InitialHeapSize                          = 257949696                                 {product} {ergonomic}
   size_t MarkStackSize                            = 4194304                                   {product} {ergonomic}
   size_t MaxHeapSize                              = 4099932160                                {product} {ergonomic}
   size_t MaxNewSize                               = 2459959296                                {product} {ergonomic}
   size_t MinHeapDeltaBytes                        = 1048576                                   {product} {ergonomic}
    uintx NonNMethodCodeHeapSize                   = 5836300                                {pd product} {ergonomic}
    uintx NonProfiledCodeHeapSize                  = 122910970                              {pd product} {ergonomic}
    uintx ProfiledCodeHeapSize                     = 122910970                              {pd product} {ergonomic}
    uintx ReservedCodeCacheSize                    = 251658240                              {pd product} {ergonomic}
     bool SegmentedCodeCache                       = true                                      {product} {ergonomic}
     bool UseCompressedClassPointers               = true                                 {lp64_product} {ergonomic}
     bool UseCompressedOops                        = true                                 {lp64_product} {ergonomic}
     bool UseG1GC                                  = true                                      {product} {ergonomic}

Logging:
Log output configuration:
 #0: stdout all=warning uptime,level,tags
 #1: stderr all=off uptime,level,tags

Environment Variables:
JAVA_HOME=/usr/lib/jvm/java-11-openjdk-amd64
PATH=/home/stefanopenazzi/.local/bin:/usr/local/sbin:/usr/local/bin:/usr/sbin:/usr/bin:/sbin:/bin:/usr/games:/usr/local/games:/snap/bin:/home/stefanopenazzi/bin:/usr/lib/jvm/java-11-openjdk-amd64/bin
USERNAME=stefanopenazzi
SHELL=/bin/bash
DISPLAY=:0
LANG=en_US.UTF-8

Signal Handlers:
SIGSEGV: [libjvm.so+0xe1d0a0], sa_mask[0]=11111111011111111101111111111110, sa_flags=SA_RESTART|SA_SIGINFO
SIGBUS: [libjvm.so+0xe1d0a0], sa_mask[0]=11111111011111111101111111111110, sa_flags=SA_RESTART|SA_SIGINFO
SIGFPE: [libjvm.so+0xe1d0a0], sa_mask[0]=11111111011111111101111111111110, sa_flags=SA_RESTART|SA_SIGINFO
SIGPIPE: [libjvm.so+0xb717f0], sa_mask[0]=11111111011111111101111111111110, sa_flags=SA_RESTART|SA_SIGINFO
SIGXFSZ: [libjvm.so+0xb717f0], sa_mask[0]=11111111011111111101111111111110, sa_flags=SA_RESTART|SA_SIGINFO
SIGILL: [libjvm.so+0xe1d0a0], sa_mask[0]=11111111011111111101111111111110, sa_flags=SA_RESTART|SA_SIGINFO
SIGUSR2: [libjvm.so+0xb71680], sa_mask[0]=00100000000000000000000000000000, sa_flags=SA_RESTART|SA_SIGINFO
SIGHUP: [libjvm.so+0xb71b30], sa_mask[0]=11111111011111111101111111111110, sa_flags=SA_RESTART|SA_SIGINFO
SIGINT: [libjvm.so+0xb71b30], sa_mask[0]=11111111011111111101111111111110, sa_flags=SA_RESTART|SA_SIGINFO
SIGTERM: [libjvm.so+0xb71b30], sa_mask[0]=11111111011111111101111111111110, sa_flags=SA_RESTART|SA_SIGINFO
SIGQUIT: [libjvm.so+0xb71b30], sa_mask[0]=11111111011111111101111111111110, sa_flags=SA_RESTART|SA_SIGINFO


---------------  S Y S T E M  ---------------

OS:DISTRIB_ID=Ubuntu
DISTRIB_RELEASE=18.04
DISTRIB_CODENAME=bionic
DISTRIB_DESCRIPTION="Ubuntu 18.04.5 LTS"
uname:Linux 4.15.0-161-generic #169-Ubuntu SMP Fri Oct 15 13:41:54 UTC 2021 x86_64
OS uptime: 1 days 2:33 hours
libc:glibc 2.27 NPTL 2.27 
rlimit (soft/hard): STACK 8192k/infinity , CORE 0k/infinity , NPROC 62374/62374 , NOFILE 4096/4096 , AS infinity/infinity , CPU infinity/infinity , DATA infinity/infinity , FSIZE infinity/infinity , MEMLOCK 65536k/65536k
load average:1.58 1.94 2.06

/proc/meminfo:
MemTotal:       16015040 kB
MemFree:          382464 kB
MemAvailable:    1512976 kB
Buffers:           29380 kB
Cached:           631776 kB
SwapCached:        37224 kB
Active:          9168908 kB
Inactive:        1869792 kB
Active(anon):    8736760 kB
Inactive(anon):   973192 kB
Active(file):     432148 kB
Inactive(file):   896600 kB
Unevictable:         256 kB
Mlocked:             256 kB
SwapTotal:       2097148 kB
SwapFree:         303140 kB
Dirty:               816 kB
Writeback:             0 kB
AnonPages:      10342172 kB
Mapped:           555320 kB
Shmem:             28880 kB
Slab:             222740 kB
SReclaimable:     107628 kB
SUnreclaim:       115112 kB
KernelStack:       26592 kB
PageTables:       106928 kB
NFS_Unstable:          0 kB
Bounce:                0 kB
WritebackTmp:          0 kB
CommitLimit:    10104668 kB
Committed_AS:   21116968 kB
VmallocTotal:   34359738367 kB
VmallocUsed:           0 kB
VmallocChunk:          0 kB
HardwareCorrupted:     0 kB
AnonHugePages:    272384 kB
ShmemHugePages:        0 kB
ShmemPmdMapped:        0 kB
CmaTotal:              0 kB
CmaFree:               0 kB
HugePages_Total:       0
HugePages_Free:        0
HugePages_Rsvd:        0
HugePages_Surp:        0
Hugepagesize:       2048 kB
DirectMap4k:      823104 kB
DirectMap2M:    15560704 kB
DirectMap1G:           0 kB

/sys/kernel/mm/transparent_hugepage/enabled:
always [madvise] never
/sys/kernel/mm/transparent_hugepage/defrag (defrag/compaction efforts parameter):
always defer defer+madvise [madvise] never

Process Memory:
Virtual Size: 7280228K (peak: 15558156K)
Resident Set Size: 194884K (peak: 234144K) (anon: 177676K, file: 17208K, shmem: 0K)
Swapped out: 0K
C-Heap outstanding allocations: 18296K

/proc/sys/kernel/threads-max (system-wide limit on the number of threads):
124748
/proc/sys/vm/max_map_count (maximum number of memory map areas a process may have):
65530
/proc/sys/kernel/pid_max (system-wide limit on number of process identifiers):
131072

container (cgroup) information:
container_type: cgroupv1
cpu_cpuset_cpus: 0-7
cpu_memory_nodes: 0
active_processor_count: 8
cpu_quota: -1
cpu_period: 100000
cpu_shares: -1
memory_limit_in_bytes: -1
memory_and_swap_limit_in_bytes: -2
memory_soft_limit_in_bytes: -1
memory_usage_in_bytes: 11283779584
memory_max_usage_in_bytes: 20735057920

VMWare virtualization detected
Steal ticks since vm start: 0
Steal ticks percentage since vm start:  0.000

CPU:total 8 (initial active 8) (1 cores per cpu, 1 threads per core) family 6 model 142 stepping 10 microcode 0xca, cmov, cx8, fxsr, mmx, sse, sse2, sse3, ssse3, sse4.1, sse4.2, popcnt, avx, avx2, aes, clmul, erms, rtm, 3dnowpref, lzcnt, tsc, tscinvbit, bmi1, bmi2, adx, fma
CPU Model and flags from /proc/cpuinfo:
model name	: Intel(R) Core(TM) i7-8650U CPU @ 1.90GHz
flags		: fpu vme de pse tsc msr pae mce cx8 apic sep mtrr pge mca cmov pat pse36 clflush mmx fxsr sse sse2 ss syscall nx pdpe1gb rdtscp lm constant_tsc arch_perfmon nopl xtopology tsc_reliable nonstop_tsc cpuid pni pclmulqdq ssse3 fma cx16 pcid sse4_1 sse4_2 x2apic movbe popcnt tsc_deadline_timer aes xsave avx f16c rdrand hypervisor lahf_lm abm 3dnowprefetch cpuid_fault invpcid_single pti ssbd ibrs ibpb stibp fsgsbase tsc_adjust bmi1 hle avx2 smep bmi2 invpcid rtm mpx rdseed adx smap clflushopt xsaveopt xsavec xsaves arat flush_l1d arch_capabilities
Online cpus:
0-7
Offline cpus:
8-127
BIOS frequency limitation:
<Not Available>
Frequency switch latency (ns):
<Not Available>
Available cpu frequencies:
<Not Available>
Current governor:
<Not Available>
Core performance/turbo boost:
<Not Available>

Memory: 4k page, physical 16015040k(382092k free), swap 2097148k(303140k free)

vm_info: OpenJDK 64-Bit Server VM (11.0.11+9-Ubuntu-0ubuntu2.18.04) for linux-amd64 JRE (11.0.11+9-Ubuntu-0ubuntu2.18.04), built on Apr 21 2021 09:15:32 by "unknown" with gcc 8.4.0

END.
